
Knopka16.asm           Assembled with CASM08Z  09.04.05  20:47:58  PAGE 1



                        1  ;prog 09.04.05 knopka15.asm
 0000                   2  RAMStart      EQU  $0040
 0000                   3  ROMStart      EQU  $8000
 0000                   4  VectorStart   EQU  $FFDC
                        5  
 0000                   6  $Include 'gpgtregs.inc'
                        7   ; 68HC908GT16/GP32 Equates
                        8  
 0000                   9  PTA    EQU $0000     ; Ports and data direction
 0000                  10  PORTA  EQU $0000
 0000                  11  PTB    EQU $0001
 0000                  12  PORTB  EQU $0001
 0000                  13  PTC    EQU $0002
 0000                  14  PORTC  EQU $0002
 0000                  15  PTD    EQU $0003
 0000                  16  PORTD  EQU $0003
 0000                  17  DDRA   EQU $0004
 0000                  18  DDRB   EQU $0005
 0000                  19  DDRC   EQU $0006
 0000                  20  DDRD   EQU $0007
 0000                  21  PTE    EQU $0008
 0000                  22  PORTE  EQU $0008
                       23  
 0000                  24  SCPSC   EQU $0009    ;GT16 Only - Enhanced SCI
 0000                  25  SCIACTL EQU $000A    ;GT16 Only
 0000                  26  SCIADAT EQU $000B    ;GT16 Only
                       27  
 0000                  28  DDRE    EQU $000C    ; Ports and data direction
                       29  
 0000                  30  PTAPUE  EQU $000D    ; Port pull-up enables
 0000                  31  PTCPUE  EQU $000E
 0000                  32  PTDPUE  EQU $000F
                       33  
 0000                  34  SPCR    EQU $0010    ; SPI (Syncronous communication
                                                                             s)
 0000                  35  SPSCR   EQU $0011
 0000                  36  SPDR    EQU $0012
                       37  
 0000                  38  SCC1    EQU $0013    ; SCI (Asyncronous communicatio
                                                                            ns)
 0000                  39  SCC2    EQU $0014
 0000                  40  SCC3    EQU $0015
 0000                  41  SCS1    EQU $0016
 0000                  42  SCS2    EQU $0017
 0000                  43  SCDR    EQU $0018
 0000                  44  SCBR    EQU $0019
                       45  
 0000                  46  INTKBSCR EQU $001a   ; Keyboard interrupt control/st
                                                                           atus
 0000                  47  INTKBIER EQU $001b
                       48  
 0000                  49  TBCR    EQU $001c    ; Time base module
                       50  
 0000                  51  INTSCR  EQU $001d    ; IRQ status/control
                       52  
 0000                  53  CONFIG2 EQU $001e    ; System configuration
 0000                  54  CONFIG1 EQU $001f
                       55  


Knopka16.asm           Assembled with CASM08Z  09.04.05  20:47:58  PAGE 2



 0000                  56  T1SC    EQU $0020    ; Timer 1
 0000                  57  T1CNTH  EQU $0021
 0000                  58  T1CNTL  EQU $0022
 0000                  59  T1MODH  EQU $0023
 0000                  60  T1MODL  EQU $0024
 0000                  61  T1SC0   EQU $0025
 0000                  62  T1CH0H  EQU $0026
 0000                  63  T1CH0L  EQU $0027
 0000                  64  T1SC1   EQU $0028
 0000                  65  T1CH1H  EQU $0029
 0000                  66  T1CH1L  EQU $002a
                       67  
 0000                  68  T2SC    EQU $002b    ; Timer 2
 0000                  69  T2CNTH  EQU $002c
 0000                  70  T2CNTL  EQU $002d
 0000                  71  T2MODH  EQU $002e
 0000                  72  T2MODL  EQU $002f
 0000                  73  T2SC0   EQU $0030
 0000                  74  T2CH0H  EQU $0031
 0000                  75  T2CH0L  EQU $0032
 0000                  76  T2SC1   EQU $0033
 0000                  77  T2CH1H  EQU $0034
 0000                  78  T2CH1L  EQU $0035
                       79  
 0000                  80  PCTL    EQU $0036    ; GP32 Only - Phase lock loop 
                                                                 (for crystals)
 0000                  81  PBWC    EQU $0037    ; GP32 Only
 0000                  82  PMSH    EQU $0038    ; GP32 Only
 0000                  83  PMSL    EQU $0039    ; GP32 Only
 0000                  84  PMRS    EQU $003A    ; GP32 Only
 0000                  85  PMDS    EQU $003B    ; GP32 Only
                       86  
 0000                  87  ICGCR   EQU $0036    ; GT16 Only - Internal Clock 
                                                                      Generator
 0000                  88  ICGMR   EQU $0037    ; GT16 Only
 0000                  89  ICGTR   EQU $0038    ; GT16 Only
 0000                  90  ICGDVR  EQU $0039    ; GT16 Only
 0000                  91  ICGDSR  EQU $003A    ; GT16 Only
 0000                  92  ICGTR5  EQU $FF80    ; GT16 Only
 0000                  93  ICGTR3  EQU $FF81    ; GT16 Only
                       94  
 0000                  95  ADSCR   EQU $003C    ; A to D converter
 0000                  96  ADR     EQU $003D
 0000                  97  ADCLK   EQU $003E
                       98  
 0000                  99  SBSR    EQU $fe00    ; System integration
 0000                 100  SRSR    EQU $fe01
 0000                 101  SUBAR   EQU $fe02
 0000                 102  SBFCR   EQU $fe03
                      103  
 0000                 104  INT1    EQU $fe04    ; Interrupt status
 0000                 105  INT2    EQU $fe05
 0000                 106  INT3    EQU $fe06
                      107  
 0000                 108  FLTCR   EQU $fe07    ; Flash test/programming
 0000                 109  FLCR    EQU $fe08
                      110  
 0000                 111  BRKH    EQU $fe09    ; Hardware breakpoint


Knopka16.asm           Assembled with CASM08Z  09.04.05  20:47:58  PAGE 3



 0000                 112  BRKL    EQU $fe0a
 0000                 113  BRKSCR  EQU $fe0b
                      114  
 0000                 115  LVISR   EQU $fe0c    ; Low voltage detect
                      116  
 0000                 117  FLBPR   EQU $ff80    ; Flash boot protect
                      118  
 0000                 119  COPCTL  EQU $ffff    ; COP (Computer operating 
                                                              properly) control
                      120  
                      121  
                      122  
                      123  ; (C)opywrite P&E Microcomputer Systems, 1998, 2002
                      124  ; http://www.pemicro.com
                      125  
                      126  
 0000                 127  LCD_CTRL      EQU  PORTC
 0000                 128  LCD_DATA      EQU  PORTC
 0000                 129  LCD_DATA_MASK EQU  $0F
 0000                 130  LCD_RS        EQU  1
 0000                 131  LCD_RW        EQU  0
 0000                 132  LCD_E         EQU  4
 0000                 133  LCD_CTRU      EQU  PORTD
                      134  
                      135  
 0040                 136          org   RAMStart
                      137  
 0040                 138  delayReg1 ds 1
 0041                 139  delayReg2 ds 1
 0042                 140  delayReg3 ds 1
 0043                 141  lcddata   ds 1
 0044                 142  time      ds 1
 0045                 143  i1        ds 1
 0046                 144  i2        ds 1
 0047                 145  i3        ds 1
 0048                 146  c0        ds 32
 007A                 147  cr        ds 1
 007B                 148  time0     ds 1
 007C                 149  flgt      ds 1
 8000                 150        org   ROMStart
                      151  
                      152  Var_Delay:
 8000 [02] A621       153         lda   #33T
 8002 [01] 4A         154  L6:    deca
 8003 [03] 26FD       155         bne   L6
 8005 [04] 3A44       156         dec   time
 8007 [03] 26F7       157         bne   Var_Delay
 8009 [04] 81         158         rts
                      159  
                      160  
                      161  LCD_Delay_40us:
 800A [02] 87         162         psha        ;2 cycles
 800B [02] A60E       163         lda   #14T  ;2 cycles
 800D [01] 4A         164  L5:    deca        ;1 cycle
 800E [03] 26FD       165         bne   L5    ;3 cycles
 8010 [02] 86         166         pula        ;2 cycles
 8011 [04] 81         167         rts         ;4 cycles
                      168  


Knopka16.asm           Assembled with CASM08Z  09.04.05  20:47:58  PAGE 4



                      169  LCD_Write_Nibble:
 8012 [02] 87         170         psha
 8013 [02] A40F       171         and   #$0F
 8015 [02] 87         172         psha
 8016 [02] 9B         173         sei
 8017 [03] B602       174         lda   LCD_DATA
 8019 [02] A4F0       175         and   #$F0
 801B [04] 9EEA01     176         ora   1,SP
 801E [03] B702       177         sta   LCD_DATA
 8020 [02] 9A         178         cli
 8021 [04] 1802       179         bset  LCD_E,LCD_CTRL
 8023 [04] 1902       180         bclr  LCD_E,LCD_CTRL
 8025 [04] ADE3       181         bsr   LCD_Delay_40us
 8027 [02] 86         182         pula
 8028 [02] 86         183         pula
 8029 [04] 81         184         rts
                      185  
                      186  
                      187  LCD_Write:
 802A [03] 62         188         nsa
 802B [04] ADE5       189         bsr   LCD_Write_Nibble
 802D [03] 62         190         nsa
 802E [04] ADE2       191         bsr   LCD_Write_Nibble
 8030 [04] 81         192         rts
                      193  
                      194  LCD_Init:
                      195  *** Wait for 15ms
 8031 [02] A696       196         lda   #150T
 8033 [03] B744       197         sta   time
 8035 [05] CD8000     198         jsr   Var_Delay
                      199  *** Send Init Command
 8038 [02] A602       200         lda   #$02
 803A [05] CD8012     201         jsr   LCD_Write_Nibble
                      202  *** Wait for 4.1ms
 803D [02] A629       203         lda   #41T
 803F [03] B744       204         sta   time
 8041 [05] CD8000     205         jsr   Var_Delay
                      206  *** Send Init Command
 8044 [02] A608       207         lda   #$08
 8046 [05] CD8012     208         jsr   LCD_Write_Nibble
                      209  *** Wait for 100 us
 8049 [02] A601       210         lda   #1
 804B [03] B744       211         sta   time
 804D [05] CD8000     212         jsr   Var_Delay
                      213  *** Send Init Command
                      214      ;   lda   #$00
                      215      ;   jsr   LCD_Write_Nibble
                      216  *** Send Function Set Command (4 bit bus, 2 rows, 
                                                                      5x7 dots)
                      217     ;    lda   #$0F
                      218     ;    jsr   LCD_Write_Nibble
 8050 [02] A60F       219         lda   #$0F
 8052 [05] CD802A     220         jsr   LCD_Write
                      221  *** Send Display Ctrl Command (display on, cursor 
                                                              off, no blinking)
 8055 [02] A628       222         lda   #$28
 8057 [05] CD802A     223         jsr   LCD_Write
                      224  *** Send Clear Display Command (clear display, 


Knopka16.asm           Assembled with CASM08Z  09.04.05  20:47:58  PAGE 5



                                                               cursor addr = 0)
 805A [02] A601       225         lda   #$01
 805C [05] CD802A     226         jsr   LCD_Write
 805F [02] A6C8       227         lda   #200T
 8061 [03] B744       228         sta   time
 8063 [05] CD8000     229         jsr   Var_Delay
                      230  *** Send Entry Mode Command (increment, no display 
                                                                         shift)
                      231  ;       lda   #$04
                      232  ;       jsr   LCD_Write
 8066 [04] 1203       233         bset  LCD_RS,LCD_CTRU
 8068 [04] 81         234         rts
                      235  
                      236  
                      237  Main_Init:
 8069 [01] 9C         238         rsp
                      239  ;       mov   #$1,CONFIG2
 806A [03] B61F       240         lda   CONFIG1
 806C [02] AA01       241         ora   #1
 806E [03] B71F       242         sta   CONFIG1
 8070 [04] 6E0E04     243         mov   #$0E,DDRA
 8073 [04] 6EF00D     244         mov   #$F0,PTAPUE
 8076 [04] 6E1F06     245         mov   #$1F,DDRC
 8079 [04] 6E0002     246         mov   #$00,PORTC
 807C [04] 6E0B07     247         mov   #$0B,DDRD
 807F [04] 6E0003     248         mov   #$00,PORTD
 8082 [03] 3F7B       249         clr   time0
 8084 [03] 3F7C       250         clr   flgt
 8086 [05] CD8031     251         jsr   LCD_Init
 8089 [04] 6E3620     252         mov   #$36,T1SC
 808C [04] 1B20       253         bclr  5,T1SC
 808E [02] 9A         254         cli
 808F [01] 5F         255         clrx
 8090 [01] 8C         256         clrh
                      257  OPROS:
 8091 [02] A630       258         lda   #$30
 8093 [03] B77A       259         sta   cr
 8095 [02] A620       260         lda   #32T
 8097 [03] B745       261         sta   i1
 8099 [01] 8C         262         clrh
 809A [01] 5F         263         clrx
                      264  L10:
 809B [03] B67A       265         lda   cr
 809D [03] E748       266         sta   c0,x
 809F [01] 4C         267         inca
 80A0 [03] B77A       268         sta   cr
 80A2 [01] 5C         269         incx
 80A3 [05] 3B45F5     270         dbnz  i1,L10
                      271  ;Clear Display i ustanov kursora na 0
 80A6 [04] 1303       272         bclr  LCD_RS,LCD_CTRU
 80A8 [02] A601       273         lda   #$01
 80AA [05] CD802A     274         jsr   LCD_Write
 80AD [02] A6C8       275         lda   #200T
 80AF [03] B744       276         sta   time
 80B1 [05] CD8000     277         jsr   Var_Delay
                      278  ;Delay 0,5 sek
                      279  loop:
 80B4 [02] A6FF       280       lda #$FF


Knopka16.asm           Assembled with CASM08Z  09.04.05  20:47:58  PAGE 6



 80B6 [03] B745       281       sta i1
                      282  L8:
 80B8 [02] A632       283       lda #50T
 80BA [03] B744       284       sta time
 80BC [05] CD8000     285       jsr Var_Delay
 80BF [05] 3B45F6     286       dbnz i1,L8
 80C2 [02] A622       287       lda   #34T
 80C4 [03] B746       288       sta   i2
 80C6 [01] 8C         289       clrh
 80C7 [01] 5F         290       clrx
                      291  L9:
 80C8 [03] B646       292       lda i2
 80CA [02] A122       293       cmp #34T
 80CC [03] 2715       294       beq lm01
 80CE [02] A111       295       cmp #17T
 80D0 [03] 2715       296       beq lm03
 80D2 [04] 1203       297       bset LCD_RS,LCD_CTRU
 80D4 [03] E648       298       lda c0,x
 80D6 [05] CD802A     299       jsr LCD_Write
 80D9 [02] A664       300       lda #100T
 80DB [03] B744       301       sta time
 80DD [05] CD8000     302       jsr Var_Delay
 80E0 [01] 5C         303       incx
 80E1 [03] 2012       304       bra lm00
                      305  lm01:
 80E3 [02] A680       306       lda #$80
 80E5 [03] 2002       307       bra lm02
                      308  lm03:
 80E7 [02] A6A8       309       lda #$A8
                      310  lm02:
 80E9 [04] 1303       311       bclr LCD_RS,LCD_CTRU
 80EB [05] CD802A     312       jsr LCD_Write
 80EE [02] A664       313       lda #100T
 80F0 [03] B744       314       sta time
 80F2 [05] CD8000     315       jsr Var_Delay
                      316  lm00:
 80F5 [05] 3B46D0     317       dbnz i2,L9
 80F8 [01] 8C         318       clrh
 80F9 [01] 5F         319       clrx
 80FA [02] A61F       320       lda  #31T
 80FC [03] B745       321       sta  i1
 80FE [05] 4E487A     322       mov  c0,cr
                      323  lm04:
                      324  ;     lda  c0+1,x
                      325   ;    sta  c0,x
 8101 [01] 5C         326       incx
 8102 [05] 3B45FC     327       dbnz i1,lm04
 8105 [03] B67A       328       lda  cr
                      329    ;   sta  c0,x
 8107 [03] B603       330       lda  PORTD
 8109 [02] A808       331       eor  #$08
 810B [03] B703       332       sta  PORTD
 810D [02] A508       333       bit  #$08
 810F [03] 2704       334       beq  lm05
 8111 [02] A620       335       lda  #$20
 8113 [03] 2002       336       bra  lm07
                      337  lm05:
 8115 [02] A651       338       lda  #$51


Knopka16.asm           Assembled with CASM08Z  09.04.05  20:47:58  PAGE 7



                      339  lm07:
 8117 [03] B74B       340       sta  c0+3
 8119 [03] 2099       341       bra  loop
                      342  PROVERKA:
 811B [05] CD812E     343       jsr PRB4
 811E [02] AB03       344       add #3T
 8120 [05] CD813B     345       jsr PRB5
 8123 [02] AB03       346       add #3T
 8125 [05] CD8148     347       jsr PRB6
 8128 [02] AB03       348       add #3T
 812A [05] CD8155     349       jsr PRB7
 812D [04] 81         350       rts
                      351  
                      352  
                      353  PRB4:
 812E [05] 090003     354       brclr 4,PTA,L1
 8131 [03] CC813A     355       jmp K1
 8134 [05] CD802A     356  L1:  jsr LCD_Write
 8137 [05] 0900FD     357  B1:  brclr 4,PTA,B1
 813A [04] 81         358  K1:  rts
                      359  
                      360  PRB5:
 813B [05] 0B0003     361       brclr 5,PTA,L2
 813E [03] CC8147     362       jmp K2
 8141 [05] CD802A     363  L2:  jsr LCD_Write
 8144 [05] 0B00FD     364  B2:  brclr 5,PTA,B2
 8147 [04] 81         365  K2:  rts
                      366  
                      367  PRB6:
 8148 [05] 0D0003     368       brclr 6,PTA,L3
 814B [03] CC8154     369       jmp K3
 814E [05] CD802A     370  L3:  jsr LCD_Write
 8151 [05] 0D00FD     371  B3:  brclr 6,PTA,B3
 8154 [04] 81         372  K3:  rts
                      373  
                      374  PRB7:
 8155 [05] 0F0003     375       brclr 7,PTA,L4
 8158 [03] CC8182     376       jmp K5
 815B [02] A13A       377  L4:  cmp #$3A
 815D [03] 270B       378       beq E1
 815F [02] A13B       379       cmp #$3B
 8161 [03] 270F       380       beq E2
 8163 [02] A13C       381       cmp #$3C
 8165 [03] 2713       382       beq E3
 8167 [03] CC817F     383       jmp K4
 816A [02] A601       384  E1:  lda #1T
 816C [05] CD8183     385       jsr comand
 816F [03] CC817F     386       jmp K4
 8172 [02] A630       387  E2:  lda #$30
 8174 [05] CD802A     388       jsr LCD_Write
 8177 [03] CC817F     389       jmp K4
 817A [02] A602       390  E3:  lda #2T
 817C [05] CD8183     391       jsr comand
 817F [05] 0F00FD     392  K4:  brclr 7,PTA,K4
 8182 [04] 81         393  K5:  rts
                      394  
                      395  
                      396  comand:


Knopka16.asm           Assembled with CASM08Z  09.04.05  20:47:58  PAGE 8



 8183 [04] 1303       397       bclr LCD_RS,LCD_CTRU
 8185 [05] CD802A     398       jsr  LCD_Write
 8188 [04] 1203       399       bset LCD_RS,LCD_CTRU
 818A [04] 81         400       rts
                      401  t1_isr:
 818B [02] 8B         402       pshh
 818C [03] B620       403       lda  T1SC
 818E [02] A47F       404       and  #$7f
 8190 [03] B720       405       sta  T1SC
 8192 [04] 3C7B       406       inc  time0
 8194 [02] A664       407       lda  #100T
                      408  ;     cbeq time0,mt100
 8196 [03] 2014       409       bra  iret
                      410  mt100:
 8198 [03] 3F7B       411       clr  time0
 819A [03] B67C       412       lda  flgt
 819C [02] A801       413       eor  #$01
 819E [03] B77C       414       sta  flgt
 81A0 [02] A501       415       bit  #$01
 81A2 [03] 2704       416       beq  mt101
 81A4 [02] A652       417       lda  #$52
 81A6 [03] 2002       418       bra  mt102
                      419  mt101:
 81A8 [02] A653       420       lda  #$53
                      421  mt102:
 81AA [03] B74D       422       sta  c0+5
                      423  iret:
 81AC [02] 8A         424       pulh
 81AD [07] 80         425       rti
                      426  Dummy_Isr:
 81AE [07] 80         427         rti              ; Return
                      428  
                      429  
                      430  ****************************************************
                                                    ***************************
                      431  * Vectors section                                   
                                                                              *
                      432  ****************************************************
                                                    ***************************
 FFDC                 433         org  VectorStart
                      434  
 FFDC      81AE       435         dw  Dummy_Isr    ; Time Base Vector
 FFDE      81AE       436         dw  Dummy_Isr    ; ADC Conversion Complete
 FFE0      81AE       437         dw  Dummy_Isr    ; Keyboard Vector
 FFE2      81AE       438         dw  Dummy_Isr    ; SCI Transmit Vector
 FFE4      81AE       439         dw  Dummy_Isr    ; SCI Receive Vector
 FFE6      81AE       440         dw  Dummy_Isr    ; SCI Error Vector
 FFE8      81AE       441         dw  Dummy_Isr    ; SPI Transmit Vector
 FFEA      81AE       442         dw  Dummy_Isr    ; SPI Receive Vector
 FFEC      81AE       443         dw  Dummy_Isr    ; TIM2 Overflow Vector
 FFEE      81AE       444         dw  Dummy_Isr    ; TIM2 Channel 1 Vector
 FFF0      81AE       445         dw  Dummy_Isr    ; TIM2 Channel 0 Vector
 FFF2      818B       446         dw  t1_isr    ; TIM1 Overflow Vector
 FFF4      81AE       447         dw  Dummy_Isr    ; TIM1 Channel 1 Vector
 FFF6      81AE       448         dw  Dummy_Isr    ; TIM1 Channel 0 Vector
 FFF8      81AE       449         dw  Dummy_Isr    ; PLL Vector
 FFFA      81AE       450         dw  Dummy_Isr    ; ~IRQ1 Vector
 FFFC      81AE       451         dw  Dummy_Isr    ; SWI Vector


Knopka16.asm           Assembled with CASM08Z  09.04.05  20:47:58  PAGE 9



 FFFE      8069       452         dw  Main_Init    ; Reset Vector
                      453  
                      454  
                      455   

 Symbol Table 

ADCLK            003E
ADR              003D
ADSCR            003C
B1               8137
B2               8144
B3               8151
BRKH             FE09
BRKL             FE0A
BRKSCR           FE0B
C0               0048
COMAND           8183
CONFIG1          001F
CONFIG2          001E
COPCTL           FFFF
CR               007A
DDRA             0004
DDRB             0005
DDRC             0006
DDRD             0007
DDRE             000C
DELAYREG1        0040
DELAYREG2        0041
DELAYREG3        0042
DUMMY_ISR        81AE
E1               816A
E2               8172
E3               817A
FLBPR            FF80
FLCR             FE08
FLGT             007C
FLTCR            FE07
I1               0045
I2               0046
I3               0047
ICGCR            0036
ICGDSR           003A
ICGDVR           0039
ICGMR            0037
ICGTR            0038
ICGTR3           FF81
ICGTR5           FF80
INT1             FE04
INT2             FE05
INT3             FE06
INTKBIER         001B
INTKBSCR         001A
INTSCR           001D
IRET             81AC
K1               813A
K2               8147
K3               8154


Knopka16.asm           Assembled with CASM08Z  09.04.05  20:47:58  PAGE 10



K4               817F
K5               8182
L1               8134
L10              809B
L2               8141
L3               814E
L4               815B
L5               800D
L6               8002
L8               80B8
L9               80C8
LCDDATA          0043
LCD_CTRL         0002
LCD_CTRU         0003
LCD_DATA         0002
LCD_DATA_MASK    000F
LCD_DELAY_40US   800A
LCD_E            0004
LCD_INIT         8031
LCD_RS           0001
LCD_RW           0000
LCD_WRITE        802A
LCD_WRITE_NIBBLE 8012
LM00             80F5
LM01             80E3
LM02             80E9
LM03             80E7
LM04             8101
LM05             8115
LM07             8117
LOOP             80B4
LVISR            FE0C
MAIN_INIT        8069
MT100            8198
MT101            81A8
MT102            81AA
OPROS            8091
PBWC             0037
PCTL             0036
PMDS             003B
PMRS             003A
PMSH             0038
PMSL             0039
PORTA            0000
PORTB            0001
PORTC            0002
PORTD            0003
PORTE            0008
PRB4             812E
PRB5             813B
PRB6             8148
PRB7             8155
PROVERKA         811B
PTA              0000
PTAPUE           000D
PTB              0001
PTC              0002
PTCPUE           000E


Knopka16.asm           Assembled with CASM08Z  09.04.05  20:47:58  PAGE 11



PTD              0003
PTDPUE           000F
PTE              0008
RAMSTART         0040
ROMSTART         8000
SBFCR            FE03
SBSR             FE00
SCBR             0019
SCC1             0013
SCC2             0014
SCC3             0015
SCDR             0018
SCIACTL          000A
SCIADAT          000B
SCPSC            0009
SCS1             0016
SCS2             0017
SPCR             0010
SPDR             0012
SPSCR            0011
SRSR             FE01
SUBAR            FE02
T1CH0H           0026
T1CH0L           0027
T1CH1H           0029
T1CH1L           002A
T1CNTH           0021
T1CNTL           0022
T1MODH           0023
T1MODL           0024
T1SC             0020
T1SC0            0025
T1SC1            0028
T1_ISR           818B
T2CH0H           0031
T2CH0L           0032
T2CH1H           0034
T2CH1L           0035
T2CNTH           002C
T2CNTL           002D
T2MODH           002E
T2MODL           002F
T2SC             002B
T2SC0            0030
T2SC1            0033
TBCR             001C
TIME             0044
TIME0            007B
VAR_DELAY        8000
VECTORSTART      FFDC
