
mprob11.asm            Assembled with CASM08Z  07.01.05  23:16:21  PAGE 1



 0000                   1  $Include 'gpgtregs.inc'
                        2   ; 68HC908GT16/GP32 Equates
                        3  
 0000                   4  PTA    EQU $0000     ; Ports and data direction
 0000                   5  PORTA  EQU $0000
 0000                   6  PTB    EQU $0001
 0000                   7  PORTB  EQU $0001
 0000                   8  PTC    EQU $0002
 0000                   9  PORTC  EQU $0002
 0000                  10  PTD    EQU $0003
 0000                  11  PORTD  EQU $0003
 0000                  12  DDRA   EQU $0004
 0000                  13  DDRB   EQU $0005
 0000                  14  DDRC   EQU $0006
 0000                  15  DDRD   EQU $0007
 0000                  16  PTE    EQU $0008
 0000                  17  PORTE  EQU $0008
                       18  
 0000                  19  SCPSC   EQU $0009    ;GT16 Only - Enhanced SCI
 0000                  20  SCIACTL EQU $000A    ;GT16 Only
 0000                  21  SCIADAT EQU $000B    ;GT16 Only
                       22  
 0000                  23  DDRE    EQU $000C    ; Ports and data direction
                       24  
 0000                  25  PTAPUE  EQU $000D    ; Port pull-up enables
 0000                  26  PTCPUE  EQU $000E
 0000                  27  PTDPUE  EQU $000F
                       28  
 0000                  29  SPCR    EQU $0010    ; SPI (Syncronous communication
                                                                             s)
 0000                  30  SPSCR   EQU $0011
 0000                  31  SPDR    EQU $0012
                       32  
 0000                  33  SCC1    EQU $0013    ; SCI (Asyncronous communicatio
                                                                            ns)
 0000                  34  SCC2    EQU $0014
 0000                  35  SCC3    EQU $0015
 0000                  36  SCS1    EQU $0016
 0000                  37  SCS2    EQU $0017
 0000                  38  SCDR    EQU $0018
 0000                  39  SCBR    EQU $0019
                       40  
 0000                  41  INTKBSCR EQU $001a   ; Keyboard interrupt control/st
                                                                           atus
 0000                  42  INTKBIER EQU $001b
                       43  
 0000                  44  TBCR    EQU $001c    ; Time base module
                       45  
 0000                  46  INTSCR  EQU $001d    ; IRQ status/control
                       47  
 0000                  48  CONFIG2 EQU $001e    ; System configuration
 0000                  49  CONFIG1 EQU $001f
                       50  
 0000                  51  T1SC    EQU $0020    ; Timer 1
 0000                  52  T1CNTH  EQU $0021
 0000                  53  T1CNTL  EQU $0022
 0000                  54  T1MODH  EQU $0023
 0000                  55  T1MODL  EQU $0024


mprob11.asm            Assembled with CASM08Z  07.01.05  23:16:21  PAGE 2



 0000                  56  T1SC0   EQU $0025
 0000                  57  T1CH0H  EQU $0026
 0000                  58  T1CH0L  EQU $0027
 0000                  59  T1SC1   EQU $0028
 0000                  60  T1CH1H  EQU $0029
 0000                  61  T1CH1L  EQU $002a
                       62  
 0000                  63  T2SC    EQU $002b    ; Timer 2
 0000                  64  T2CNTH  EQU $002c
 0000                  65  T2CNTL  EQU $002d
 0000                  66  T2MODH  EQU $002e
 0000                  67  T2MODL  EQU $002f
 0000                  68  T2SC0   EQU $0030
 0000                  69  T2CH0H  EQU $0031
 0000                  70  T2CH0L  EQU $0032
 0000                  71  T2SC1   EQU $0033
 0000                  72  T2CH1H  EQU $0034
 0000                  73  T2CH1L  EQU $0035
                       74  
 0000                  75  PCTL    EQU $0036    ; GP32 Only - Phase lock loop 
                                                                 (for crystals)
 0000                  76  PBWC    EQU $0037    ; GP32 Only
 0000                  77  PMSH    EQU $0038    ; GP32 Only
 0000                  78  PMSL    EQU $0039    ; GP32 Only
 0000                  79  PMRS    EQU $003A    ; GP32 Only
 0000                  80  PMDS    EQU $003B    ; GP32 Only
                       81  
 0000                  82  ICGCR   EQU $0036    ; GT16 Only - Internal Clock 
                                                                      Generator
 0000                  83  ICGMR   EQU $0037    ; GT16 Only
 0000                  84  ICGTR   EQU $0038    ; GT16 Only
 0000                  85  ICGDVR  EQU $0039    ; GT16 Only
 0000                  86  ICGDSR  EQU $003A    ; GT16 Only
 0000                  87  ICGTR5  EQU $FF80    ; GT16 Only
 0000                  88  ICGTR3  EQU $FF81    ; GT16 Only
                       89  
 0000                  90  ADSCR   EQU $003C    ; A to D converter
 0000                  91  ADR     EQU $003D
 0000                  92  ADCLK   EQU $003E
                       93  
 0000                  94  SBSR    EQU $fe00    ; System integration
 0000                  95  SRSR    EQU $fe01
 0000                  96  SUBAR   EQU $fe02
 0000                  97  SBFCR   EQU $fe03
                       98  
 0000                  99  INT1    EQU $fe04    ; Interrupt status
 0000                 100  INT2    EQU $fe05
 0000                 101  INT3    EQU $fe06
                      102  
 0000                 103  FLTCR   EQU $fe07    ; Flash test/programming
 0000                 104  FLCR    EQU $fe08
                      105  
 0000                 106  BRKH    EQU $fe09    ; Hardware breakpoint
 0000                 107  BRKL    EQU $fe0a
 0000                 108  BRKSCR  EQU $fe0b
                      109  
 0000                 110  LVISR   EQU $fe0c    ; Low voltage detect
                      111  


mprob11.asm            Assembled with CASM08Z  07.01.05  23:16:21  PAGE 3



 0000                 112  FLBPR   EQU $ff80    ; Flash boot protect
                      113  
 0000                 114  COPCTL  EQU $ffff    ; COP (Computer operating 
                                                              properly) control
                      115  
                      116  
                      117  
                      118  ; (C)opywrite P&E Microcomputer Systems, 1998, 2002
                      119  ; http://www.pemicro.com
                      120  
                      121  
 0000                 122  RamStart     EQU  $0040
                      123  
 0000                 124  RomStart     EQU  $E000
                      125  
 0000                 126  VectorStart  EQU  $FFDC
                      127  
 0040                 128           org RamStart
 0040                 129  d1nl     ds  1
 0041                 130  d1nm     ds  1
 0042                 131  d1nh     ds  1
 E000                 132           org RomStart
                      133  
                      134  ****************************************************
                                                                     **********
                      135  * Init_SCI - Turns on the asyncronous communications
                                                                      port    *
                      136  *            for "transmitting only" at 9600 baud 
                                                                   N81.       *
                      137  ****************************************************
                                                                     **********
                      138  start:
 E000 [01] 9C         139           rsp
 E001 [01] 4F         140           clra                ; Initialize A,X so 
                                                                 that interrupt
 E002 [01] 5F         141           clrx                ; processing doesn't 
                                                                      stop with
                      142                               ; uninitialized 
                                                               register warning
                      143                               ; when push A,X on the 
                                                                          stack
 E003 [03] 3F00       144           clr  PORTA
 E005 [04] 6E0E04     145           mov  #$0e,DDRA
 E008 [04] 6EF10D     146           mov  #$f1,PTAPUE
 E00B [03] 3F01       147           clr  PORTB
 E00D [03] 3F05       148           clr  DDRB
 E00F [03] 3F02       149           clr  PORTC
 E011 [04] 6E1F06     150           mov  #$1f,DDRC
 E014 [03] 3F03       151           clr  PORTD
 E016 [04] 6E3B07     152           mov  #$3b,DDRD
 E019 [04] 6E040F     153           mov  #$4,PTDPUE
 E01C [04] 1603       154           bset 3,PORTD
 E01E [04] 1903       155           bclr 4,PORTD
 E020 [04] 1A03       156           bset 5,PORTD
 E022 [04] 6E3620     157           mov  #$36,T1SC     ;Tim1  Stopped i 
                                                                     Prescaler.
 E025 [04] 1B20       158           bclr 5,T1SC        ;zapustili
                      159                              ;Disable interrupts to 


mprob11.asm            Assembled with CASM08Z  07.01.05  23:16:21  PAGE 4



                                                                         happen
 E027 [04] 6E011E     160           mov  #$1,CONFIG2    ; For GP32 - SCI clock 
                                                                  source is Bus
 E02A [03] 3F40       161           clr  d1nl
 E02C [03] 3F41       162           clr  d1nm
 E02E [03] 3F42       163           clr  d1nh
                      164  update:
 E030 [04] 3C40       165           inc  d1nl
 E032 [01] 4F         166           clra
 E033 [05] 314002     167           cbeq d1nl,upd00
 E036 [03] 20F8       168           bra  update
 E038 [04] 3C41       169  upd00:   inc  d1nm
 E03A [02] A610       170           lda  #$10
 E03C [05] 314102     171           cbeq d1nm,upd01
 E03F [03] 20EF       172           bra  update
 E041 [03] 3F41       173  upd01:   clr  d1nm
 E043 [01] 4F         174           clra 
 E044 [05] 31420A     175           cbeq d1nh,upd02
 E047 [03] B603       176           lda  PORTD
 E049 [02] A808       177           eor  #$8
 E04B [03] B703       178           sta  PORTD
 E04D [03] 3F42       179           clr  d1nh
 E04F [03] 20DF       180           bra  update
 E051 [04] 3C42       181  upd02:   inc  d1nh
 E053 [03] 20DB       182           bra  update         
                      183  *podprogrammi
                      184  ****************************************************
                                                                     **********
                      185  * DUMMY_ISR - Dummy Interrupt Service Routine.      
                                                                              *
                      186  *             Just does a return from interrupt.    
                                                                              *
                      187  ****************************************************
                                                                     **********
                      188  dummy_isr:
                      189  
 E055 [07] 80         190           rti           ; return
                      191  
                      192  ****************************************************
                                                                     **********
                      193  * Vectors - Timer Interrupt Service Routine.        
                                                                              *
                      194  *             after a RESET.                        
                                                                              *
                      195  ****************************************************
                                                                     **********
 FFDC                 196           org  VectorStart
                      197  
 FFDC      E055       198           dw  dummy_isr    ; Time Base Vector
 FFDE      E055       199           dw  dummy_isr    ; ADC Conversion Complete
 FFE0      E055       200           dw  dummy_isr    ; Keyboard Vector
 FFE2      E055       201           dw  dummy_isr    ; SCI Transmit Vector
 FFE4      E055       202           dw  dummy_isr    ; SCI Receive Vector
 FFE6      E055       203           dw  dummy_isr    ; SCI Error Vector
 FFE8      E055       204           dw  dummy_isr    ; SPI Transmit Vector
 FFEA      E055       205           dw  dummy_isr    ; SPI Receive Vector
 FFEC      E055       206           dw  dummy_isr    ; TIM2 Overflow Vector
 FFEE      E055       207           dw  dummy_isr    ; TIM2 Channel 1 Vector


mprob11.asm            Assembled with CASM08Z  07.01.05  23:16:21  PAGE 5



 FFF0      E055       208           dw  dummy_isr    ; TIM2 Channel 0 Vector
 FFF2      E055       209           dw  dummy_isr       ; TIM1 Overflow Vector
 FFF4      E055       210           dw  dummy_isr    ; TIM1 Channel 1 Vector
 FFF6      E055       211           dw  dummy_isr    ; TIM1 Channel 0 Vector
 FFF8      E055       212           dw  dummy_isr    ; ICG/CGM Vector
 FFFA      E055       213           dw  dummy_isr    ; ~IRQ1 Vector
 FFFC      E055       214           dw  dummy_isr    ; SWI Vector
 FFFE      E000       215           dw  start        ; Reset Vector
                      216  ;programma kursovoj raboti
                      217  
                      218   

 Symbol Table 

ADCLK            003E
ADR              003D
ADSCR            003C
BRKH             FE09
BRKL             FE0A
BRKSCR           FE0B
CONFIG1          001F
CONFIG2          001E
COPCTL           FFFF
D1NH             0042
D1NL             0040
D1NM             0041
DDRA             0004
DDRB             0005
DDRC             0006
DDRD             0007
DDRE             000C
DUMMY_ISR        E055
FLBPR            FF80
FLCR             FE08
FLTCR            FE07
ICGCR            0036
ICGDSR           003A
ICGDVR           0039
ICGMR            0037
ICGTR            0038
ICGTR3           FF81
ICGTR5           FF80
INT1             FE04
INT2             FE05
INT3             FE06
INTKBIER         001B
INTKBSCR         001A
INTSCR           001D
LVISR            FE0C
PBWC             0037
PCTL             0036
PMDS             003B
PMRS             003A
PMSH             0038
PMSL             0039
PORTA            0000
PORTB            0001
PORTC            0002


mprob11.asm            Assembled with CASM08Z  07.01.05  23:16:21  PAGE 6



PORTD            0003
PORTE            0008
PTA              0000
PTAPUE           000D
PTB              0001
PTC              0002
PTCPUE           000E
PTD              0003
PTDPUE           000F
PTE              0008
RAMSTART         0040
ROMSTART         E000
SBFCR            FE03
SBSR             FE00
SCBR             0019
SCC1             0013
SCC2             0014
SCC3             0015
SCDR             0018
SCIACTL          000A
SCIADAT          000B
SCPSC            0009
SCS1             0016
SCS2             0017
SPCR             0010
SPDR             0012
SPSCR            0011
SRSR             FE01
START            E000
SUBAR            FE02
T1CH0H           0026
T1CH0L           0027
T1CH1H           0029
T1CH1L           002A
T1CNTH           0021
T1CNTL           0022
T1MODH           0023
T1MODL           0024
T1SC             0020
T1SC0            0025
T1SC1            0028
T2CH0H           0031
T2CH0L           0032
T2CH1H           0034
T2CH1L           0035
T2CNTH           002C
T2CNTL           002D
T2MODH           002E
T2MODL           002F
T2SC             002B
T2SC0            0030
T2SC1            0033
TBCR             001C
UPD00            E038
UPD01            E041
UPD02            E051
UPDATE           E030
VECTORSTART      FFDC
