Error[108]   C:\VIDEO\PROGS\NEW1\HTC.H 5 : Illegal character (/)
Error[108]   C:\VIDEO\PROGS\NEW1\HTC.H 10 : Illegal character (/)
Error[108]   C:\VIDEO\PROGS\NEW1\HTC.H 17 : Illegal character (/)
Error[113]   C:\VIDEO\PROGS\NEW1\HTC.H 18 : Symbol not previously defined (defined)
Error[113]   C:\VIDEO\PROGS\NEW1\HTC.H 18 : Symbol not previously defined (__PICC__)
Error[112]   C:\VIDEO\PROGS\NEW1\HTC.H 18 : Missing operator
Error[108]   C:\VIDEO\PROGS\NEW1\HTC.H 22 : Illegal character (/)
Error[113]   C:\VIDEO\PROGS\NEW1\HTC.H 23 : Symbol not previously defined (defined)
Error[113]   C:\VIDEO\PROGS\NEW1\HTC.H 23 : Symbol not previously defined (__PICC18__)
Error[112]   C:\VIDEO\PROGS\NEW1\HTC.H 23 : Missing operator
Error[108]   C:\VIDEO\PROGS\NEW1\HTC.H 27 : Illegal character (/)
Error[113]   C:\VIDEO\PROGS\NEW1\HTC.H 28 : Symbol not previously defined (defined)
Error[113]   C:\VIDEO\PROGS\NEW1\HTC.H 28 : Symbol not previously defined (__DSPICC__)
Error[112]   C:\VIDEO\PROGS\NEW1\HTC.H 28 : Missing operator
Error[108]   C:\VIDEO\PROGS\NEW1\HTC.H 32 : Illegal character (/)
Error[113]   C:\VIDEO\PROGS\NEW1\HTC.H 33 : Symbol not previously defined (defined)
Error[113]   C:\VIDEO\PROGS\NEW1\HTC.H 33 : Symbol not previously defined (_HTKC_)
Error[112]   C:\VIDEO\PROGS\NEW1\HTC.H 33 : Missing operator
Error[108]   C:\VIDEO\PROGS\NEW1\HTC.H 37 : Illegal character (/)
Error[113]   C:\VIDEO\PROGS\NEW1\HTC.H 38 : Symbol not previously defined (defined)
Error[113]   C:\VIDEO\PROGS\NEW1\HTC.H 38 : Symbol not previously defined (__HTC8051__)
Error[112]   C:\VIDEO\PROGS\NEW1\HTC.H 38 : Missing operator
Error[108]   C:\VIDEO\PROGS\NEW1\HTC.H 42 : Illegal character (/)
Error[113]   C:\VIDEO\PROGS\NEW1\HTC.H 43 : Symbol not previously defined (defined)
Error[113]   C:\VIDEO\PROGS\NEW1\HTC.H 43 : Symbol not previously defined (__MSP430C__)
Error[112]   C:\VIDEO\PROGS\NEW1\HTC.H 43 : Missing operator
Error[108]   C:\VIDEO\PROGS\NEW1\HTC.H 47 : Illegal character (/)
Error[113]   C:\VIDEO\PROGS\NEW1\HTC.H 48 : Symbol not previously defined (defined)
Error[113]   C:\VIDEO\PROGS\NEW1\HTC.H 48 : Symbol not previously defined (__ARMC__)
Error[112]   C:\VIDEO\PROGS\NEW1\HTC.H 48 : Missing operator
Error[108]   C:\VIDEO\PROGS\NEW1\HTC.H 52 : Illegal character (/)
Error[113]   C:\VIDEO\PROGS\NEW1\HTC.H 53 : Symbol not previously defined (defined)
Error[113]   C:\VIDEO\PROGS\NEW1\HTC.H 53 : Symbol not previously defined (__HTFSC__)
Error[112]   C:\VIDEO\PROGS\NEW1\HTC.H 53 : Missing operator
Error[108]   C:\VIDEO\PROGS\NEW1\HTC.H 57 : Illegal character (/)
Error[113]   C:\VIDEO\PROGS\NEW1\HTC.H 58 : Symbol not previously defined (defined)
Error[113]   C:\VIDEO\PROGS\NEW1\HTC.H 58 : Symbol not previously defined (__PICC32__)
Error[112]   C:\VIDEO\PROGS\NEW1\HTC.H 58 : Missing operator
Error[108]   C:\VIDEO\PROGS\NEW1\HTC.H 62 : Illegal character (/)
Error[113]   C:\VIDEO\PROGS\NEW1\HTC.H 63 : Symbol not previously defined (defined)
Error[113]   C:\VIDEO\PROGS\NEW1\HTC.H 63 : Symbol not previously defined (__HCPSOC__)
Error[112]   C:\VIDEO\PROGS\NEW1\HTC.H 63 : Missing operator
Warning[205] C:\VIDEO\PROGS\NEW1\UNTITLEDASM.ASM 5 : Found directive in column 1. (__CONFIG)
Error[113]   C:\VIDEO\PROGS\NEW1\UNTITLEDASM.ASM 5 : Symbol not previously defined (MCLREN)
Error[113]   C:\VIDEO\PROGS\NEW1\UNTITLEDASM.ASM 5 : Symbol not previously defined (UNPROTECT)
Error[113]   C:\VIDEO\PROGS\NEW1\UNTITLEDASM.ASM 5 : Symbol not previously defined (WDTDIS)
Error[122]   C:\VIDEO\PROGS\NEW1\UNTITLEDASM.ASM 7 : Illegal opcode (char)
Error[122]   C:\VIDEO\PROGS\NEW1\UNTITLEDASM.ASM 9 : Illegal opcode (main)
Warning[207] C:\VIDEO\PROGS\NEW1\UNTITLEDASM.ASM 10 : Found label after column 1. (TRISB)
Warning[207] C:\VIDEO\PROGS\NEW1\UNTITLEDASM.ASM 11 : Found label after column 1. (PORTB)
Warning[207] C:\VIDEO\PROGS\NEW1\UNTITLEDASM.ASM 12 : Found label after column 1. (for)
Error[108]   C:\VIDEO\PROGS\NEW1\UNTITLEDASM.ASM 12 : Illegal character (()
Error[108]   C:\VIDEO\PROGS\NEW1\UNTITLEDASM.ASM 13 : Illegal character ({)
Warning[207] C:\VIDEO\PROGS\NEW1\UNTITLEDASM.ASM 15 : Found label after column 1. (RB0)
Warning[207] C:\VIDEO\PROGS\NEW1\UNTITLEDASM.ASM 16 : Found label after column 1. (RB1)
Warning[207] C:\VIDEO\PROGS\NEW1\UNTITLEDASM.ASM 17 : Found label after column 1. (RB2)
Warning[207] C:\VIDEO\PROGS\NEW1\UNTITLEDASM.ASM 18 : Found label after column 1. (RB3)
Warning[207] C:\VIDEO\PROGS\NEW1\UNTITLEDASM.ASM 20 : Found label after column 1. (__delay_ms)
Error[108]   C:\VIDEO\PROGS\NEW1\UNTITLEDASM.ASM 20 : Illegal character (()
Warning[207] C:\VIDEO\PROGS\NEW1\UNTITLEDASM.ASM 21 : Found label after column 1. (__delay_ms)
Error[108]   C:\VIDEO\PROGS\NEW1\UNTITLEDASM.ASM 21 : Illegal character (()
Warning[207] C:\VIDEO\PROGS\NEW1\UNTITLEDASM.ASM 22 : Found label after column 1. (for)
Error[108]   C:\VIDEO\PROGS\NEW1\UNTITLEDASM.ASM 22 : Illegal character (()
Warning[207] C:\VIDEO\PROGS\NEW1\UNTITLEDASM.ASM 23 : Found label after column 1. (__delay_ms)
Error[108]   C:\VIDEO\PROGS\NEW1\UNTITLEDASM.ASM 23 : Illegal character (()
Error[108]   C:\VIDEO\PROGS\NEW1\UNTITLEDASM.ASM 24 : Illegal character (})
Warning[207] C:\VIDEO\PROGS\NEW1\UNTITLEDASM.ASM 25 : Found label after column 1. (RB3)
Warning[207] C:\VIDEO\PROGS\NEW1\UNTITLEDASM.ASM 26 : Found label after column 1. (for)
Error[108]   C:\VIDEO\PROGS\NEW1\UNTITLEDASM.ASM 26 : Illegal character (()
Warning[207] C:\VIDEO\PROGS\NEW1\UNTITLEDASM.ASM 27 : Found label after column 1. (__delay_ms)
Error[108]   C:\VIDEO\PROGS\NEW1\UNTITLEDASM.ASM 27 : Illegal character (()
Error[108]   C:\VIDEO\PROGS\NEW1\UNTITLEDASM.ASM 28 : Illegal character (})
Warning[207] C:\VIDEO\PROGS\NEW1\UNTITLEDASM.ASM 29 : Found label after column 1. (RB3)
Warning[207] C:\VIDEO\PROGS\NEW1\UNTITLEDASM.ASM 30 : Found label after column 1. (RB2)
Warning[207] C:\VIDEO\PROGS\NEW1\UNTITLEDASM.ASM 31 : Found label after column 1. (for)
Error[108]   C:\VIDEO\PROGS\NEW1\UNTITLEDASM.ASM 31 : Illegal character (()
Warning[207] C:\VIDEO\PROGS\NEW1\UNTITLEDASM.ASM 32 : Found label after column 1. (__delay_ms)
Error[108]   C:\VIDEO\PROGS\NEW1\UNTITLEDASM.ASM 32 : Illegal character (()
Error[108]   C:\VIDEO\PROGS\NEW1\UNTITLEDASM.ASM 33 : Illegal character (})
Warning[207] C:\VIDEO\PROGS\NEW1\UNTITLEDASM.ASM 34 : Found label after column 1. (RB2)
Warning[207] C:\VIDEO\PROGS\NEW1\UNTITLEDASM.ASM 35 : Found label after column 1. (for)
Error[108]   C:\VIDEO\PROGS\NEW1\UNTITLEDASM.ASM 35 : Illegal character (()
Warning[207] C:\VIDEO\PROGS\NEW1\UNTITLEDASM.ASM 36 : Found label after column 1. (__delay_ms)
Error[108]   C:\VIDEO\PROGS\NEW1\UNTITLEDASM.ASM 36 : Illegal character (()
Error[108]   C:\VIDEO\PROGS\NEW1\UNTITLEDASM.ASM 37 : Illegal character (})
Error[108]   C:\VIDEO\PROGS\NEW1\UNTITLEDASM.ASM 38 : Illegal character (})
Error[108]   C:\VIDEO\PROGS\NEW1\UNTITLEDASM.ASM 40 : Illegal character (})
Error[129]   C:\VIDEO\PROGS\NEW1\UNTITLEDASM.ASM 41 : Expected (END)
