
knopka06.asm           Assembled with CASM08Z  13.02.05  14:09:39  PAGE 1



 0000                   1  RAMStart      EQU  $0040
 0000                   2  ROMStart      EQU  $8000
 0000                   3  VectorStart   EQU  $FFDC
                        4  
 0000                   5  $Include 'gpgtregs.inc'
                        6   ; 68HC908GT16/GP32 Equates
                        7  
 0000                   8  PTA    EQU $0000     ; Ports and data direction
 0000                   9  PORTA  EQU $0000
 0000                  10  PTB    EQU $0001
 0000                  11  PORTB  EQU $0001
 0000                  12  PTC    EQU $0002
 0000                  13  PORTC  EQU $0002
 0000                  14  PTD    EQU $0003
 0000                  15  PORTD  EQU $0003
 0000                  16  DDRA   EQU $0004
 0000                  17  DDRB   EQU $0005
 0000                  18  DDRC   EQU $0006
 0000                  19  DDRD   EQU $0007
 0000                  20  PTE    EQU $0008
 0000                  21  PORTE  EQU $0008
                       22  
 0000                  23  SCPSC   EQU $0009    ;GT16 Only - Enhanced SCI
 0000                  24  SCIACTL EQU $000A    ;GT16 Only
 0000                  25  SCIADAT EQU $000B    ;GT16 Only
                       26  
 0000                  27  DDRE    EQU $000C    ; Ports and data direction
                       28  
 0000                  29  PTAPUE  EQU $000D    ; Port pull-up enables
 0000                  30  PTCPUE  EQU $000E
 0000                  31  PTDPUE  EQU $000F
                       32  
 0000                  33  SPCR    EQU $0010    ; SPI (Syncronous communication
                                                                             s)
 0000                  34  SPSCR   EQU $0011
 0000                  35  SPDR    EQU $0012
                       36  
 0000                  37  SCC1    EQU $0013    ; SCI (Asyncronous communicatio
                                                                            ns)
 0000                  38  SCC2    EQU $0014
 0000                  39  SCC3    EQU $0015
 0000                  40  SCS1    EQU $0016
 0000                  41  SCS2    EQU $0017
 0000                  42  SCDR    EQU $0018
 0000                  43  SCBR    EQU $0019
                       44  
 0000                  45  INTKBSCR EQU $001a   ; Keyboard interrupt control/st
                                                                           atus
 0000                  46  INTKBIER EQU $001b
                       47  
 0000                  48  TBCR    EQU $001c    ; Time base module
                       49  
 0000                  50  INTSCR  EQU $001d    ; IRQ status/control
                       51  
 0000                  52  CONFIG2 EQU $001e    ; System configuration
 0000                  53  CONFIG1 EQU $001f
                       54  
 0000                  55  T1SC    EQU $0020    ; Timer 1


knopka06.asm           Assembled with CASM08Z  13.02.05  14:09:39  PAGE 2



 0000                  56  T1CNTH  EQU $0021
 0000                  57  T1CNTL  EQU $0022
 0000                  58  T1MODH  EQU $0023
 0000                  59  T1MODL  EQU $0024
 0000                  60  T1SC0   EQU $0025
 0000                  61  T1CH0H  EQU $0026
 0000                  62  T1CH0L  EQU $0027
 0000                  63  T1SC1   EQU $0028
 0000                  64  T1CH1H  EQU $0029
 0000                  65  T1CH1L  EQU $002a
                       66  
 0000                  67  T2SC    EQU $002b    ; Timer 2
 0000                  68  T2CNTH  EQU $002c
 0000                  69  T2CNTL  EQU $002d
 0000                  70  T2MODH  EQU $002e
 0000                  71  T2MODL  EQU $002f
 0000                  72  T2SC0   EQU $0030
 0000                  73  T2CH0H  EQU $0031
 0000                  74  T2CH0L  EQU $0032
 0000                  75  T2SC1   EQU $0033
 0000                  76  T2CH1H  EQU $0034
 0000                  77  T2CH1L  EQU $0035
                       78  
 0000                  79  PCTL    EQU $0036    ; GP32 Only - Phase lock loop 
                                                                 (for crystals)
 0000                  80  PBWC    EQU $0037    ; GP32 Only
 0000                  81  PMSH    EQU $0038    ; GP32 Only
 0000                  82  PMSL    EQU $0039    ; GP32 Only
 0000                  83  PMRS    EQU $003A    ; GP32 Only
 0000                  84  PMDS    EQU $003B    ; GP32 Only
                       85  
 0000                  86  ICGCR   EQU $0036    ; GT16 Only - Internal Clock 
                                                                      Generator
 0000                  87  ICGMR   EQU $0037    ; GT16 Only
 0000                  88  ICGTR   EQU $0038    ; GT16 Only
 0000                  89  ICGDVR  EQU $0039    ; GT16 Only
 0000                  90  ICGDSR  EQU $003A    ; GT16 Only
 0000                  91  ICGTR5  EQU $FF80    ; GT16 Only
 0000                  92  ICGTR3  EQU $FF81    ; GT16 Only
                       93  
 0000                  94  ADSCR   EQU $003C    ; A to D converter
 0000                  95  ADR     EQU $003D
 0000                  96  ADCLK   EQU $003E
                       97  
 0000                  98  SBSR    EQU $fe00    ; System integration
 0000                  99  SRSR    EQU $fe01
 0000                 100  SUBAR   EQU $fe02
 0000                 101  SBFCR   EQU $fe03
                      102  
 0000                 103  INT1    EQU $fe04    ; Interrupt status
 0000                 104  INT2    EQU $fe05
 0000                 105  INT3    EQU $fe06
                      106  
 0000                 107  FLTCR   EQU $fe07    ; Flash test/programming
 0000                 108  FLCR    EQU $fe08
                      109  
 0000                 110  BRKH    EQU $fe09    ; Hardware breakpoint
 0000                 111  BRKL    EQU $fe0a


knopka06.asm           Assembled with CASM08Z  13.02.05  14:09:39  PAGE 3



 0000                 112  BRKSCR  EQU $fe0b
                      113  
 0000                 114  LVISR   EQU $fe0c    ; Low voltage detect
                      115  
 0000                 116  FLBPR   EQU $ff80    ; Flash boot protect
                      117  
 0000                 118  COPCTL  EQU $ffff    ; COP (Computer operating 
                                                              properly) control
                      119  
                      120  
                      121  
                      122  ; (C)opywrite P&E Microcomputer Systems, 1998, 2002
                      123  ; http://www.pemicro.com
                      124  
                      125  
 0000                 126  LCD_CTRL      EQU  PORTC
 0000                 127  LCD_DATA      EQU  PORTC
 0000                 128  LCD_DATA_MASK EQU  $0F
 0000                 129  LCD_RS        EQU  1
 0000                 130  LCD_RW        EQU  0
 0000                 131  LCD_E         EQU  4
 0000                 132  LCD_CTRU      EQU  PORTD
                      133  
                      134  
 0040                 135          org   RAMStart
                      136  
 0040                 137  delayReg1 ds 1
 0041                 138  delayReg2 ds 1
 0042                 139  delayReg3 ds 1
 0043                 140  lcddata   ds 1
 0044                 141  time      ds 1
 0045                 142  i1        ds 1 
                      143  
 8000                 144        org   ROMStart
                      145  
                      146  Var_Delay:
 8000 [02] A621       147         lda   #33T
 8002 [01] 4A         148  L6:    deca
 8003 [03] 26FD       149         bne   L6
 8005 [04] 3A44       150         dec   time
 8007 [03] 26F7       151         bne   Var_Delay
 8009 [04] 81         152         rts
                      153  
                      154  
                      155  LCD_Delay_40us:
 800A [02] 87         156         psha        ;2 cycles
 800B [02] A60E       157         lda   #14T  ;2 cycles
 800D [01] 4A         158  L5:    deca        ;1 cycle
 800E [03] 26FD       159         bne   L5    ;3 cycles
 8010 [02] 86         160         pula        ;2 cycles
 8011 [04] 81         161         rts         ;4 cycles
                      162  
                      163  LCD_Write_Nibble:
 8012 [02] 87         164         psha
 8013 [02] A40F       165         and   #$0F
 8015 [02] 87         166         psha
 8016 [02] 9B         167         sei
 8017 [03] B602       168         lda   LCD_DATA


knopka06.asm           Assembled with CASM08Z  13.02.05  14:09:39  PAGE 4



 8019 [02] A4F0       169         and   #$F0
 801B [04] 9EEA01     170         ora   1,SP
 801E [03] B702       171         sta   LCD_DATA
 8020 [02] 9A         172         cli
 8021 [04] 1802       173         bset  LCD_E,LCD_CTRL
 8023 [04] 1902       174         bclr  LCD_E,LCD_CTRL
 8025 [04] ADE3       175         bsr   LCD_Delay_40us
 8027 [02] 86         176         pula
 8028 [02] 86         177         pula
 8029 [04] 81         178         rts
                      179  
                      180  
                      181  LCD_Write:
 802A [03] 62         182         nsa
 802B [04] ADE5       183         bsr   LCD_Write_Nibble
 802D [03] 62         184         nsa
 802E [04] ADE2       185         bsr   LCD_Write_Nibble
 8030 [04] 81         186         rts
                      187  
                      188  LCD_Init:
                      189  *** Wait for 15ms
 8031 [02] A696       190         lda   #150T
 8033 [03] B744       191         sta   time
 8035 [05] CD8000     192         jsr   Var_Delay
                      193  *** Send Init Command
 8038 [02] A602       194         lda   #$02
 803A [05] CD8012     195         jsr   LCD_Write_Nibble
                      196  *** Wait for 4.1ms
 803D [02] A629       197         lda   #41T
 803F [03] B744       198         sta   time
 8041 [05] CD8000     199         jsr   Var_Delay
                      200  *** Send Init Command
 8044 [02] A608       201         lda   #$08
 8046 [05] CD8012     202         jsr   LCD_Write_Nibble
                      203  *** Wait for 100 us
 8049 [02] A601       204         lda   #1
 804B [03] B744       205         sta   time
 804D [05] CD8000     206         jsr   Var_Delay
                      207  *** Send Init Command
                      208      ;   lda   #$00
                      209      ;   jsr   LCD_Write_Nibble
                      210  *** Send Function Set Command (4 bit bus, 2 rows, 
                                                                      5x7 dots)
                      211     ;    lda   #$0F
                      212     ;    jsr   LCD_Write_Nibble
 8050 [02] A60F       213         lda   #$0F
 8052 [05] CD802A     214         jsr   LCD_Write
                      215  *** Send Display Ctrl Command (display on, cursor 
                                                              off, no blinking)
 8055 [02] A628       216         lda   #$28
 8057 [05] CD802A     217         jsr   LCD_Write
                      218  *** Send Clear Display Command (clear display, 
                                                               cursor addr = 0)
 805A [02] A601       219         lda   #$01
 805C [05] CD802A     220         jsr   LCD_Write
 805F [02] A6C8       221         lda   #200T
 8061 [03] B744       222         sta   time
 8063 [05] CD8000     223         jsr   Var_Delay


knopka06.asm           Assembled with CASM08Z  13.02.05  14:09:39  PAGE 5



                      224  *** Send Entry Mode Command (increment, no display 
                                                                         shift)
                      225  ;       lda   #$04
                      226  ;       jsr   LCD_Write
 8066 [04] 1203       227         bset  LCD_RS,LCD_CTRU
 8068 [04] 81         228         rts
                      229  
                      230  
                      231  Main_Init:
 8069 [01] 9C         232         rsp
 806A [03] B61F       233         lda   CONFIG1
 806C [02] AA01       234         ora   #1
 806E [03] B71F       235         sta   CONFIG1
 8070 [04] 6E0E04     236         mov   #$0E,DDRA
 8073 [04] 6EF00D     237         mov   #$F0,PTAPUE
 8076 [04] 6E1F06     238         mov   #$1F,DDRC
 8079 [04] 6E0002     239         mov   #$00,PORTC
 807C [04] 6E0B07     240         mov   #$0B,DDRD
 807F [04] 6E0003     241         mov   #$00,PORTD
 8082 [05] CD8031     242         jsr   LCD_Init
 8085 [01] 5F         243         clrx
 8086 [01] 8C         244         clrh
                      245  OPROS:
 8087 [02] A646       246       lda #$46
 8089 [05] CD802A     247       jsr LCD_Write
 808C [02] A664       248       lda #100T
 808E [03] B745       249       sta i1
                      250  L8:  
 8090 [02] A6C8       251       lda #200T
 8092 [03] B744       252       sta time
 8094 [05] CD8000     253       jsr Var_Delay
 8097 [05] 3B45F6     254       dbnz i1,L8
 809A [04] 1303       255       bclr  LCD_RS,LCD_CTRU
 809C [02] A601       256       lda   #$01
 809E [05] CD802A     257       jsr   LCD_Write
 80A1 [02] A6C8       258       lda   #200T
 80A3 [03] B744       259       sta   time
 80A5 [05] CD8000     260       jsr   Var_Delay
 80A8 [04] 1203       261       bset  LCD_RS,LCD_CTRU
 80AA [02] A645       262       lda #$45
 80AC [05] CD802A     263       jsr LCD_Write
 80AF [02] A646       264       lda #$46
 80B1 [05] CD802A     265       jsr LCD_Write
 80B4 [02] A664       266       lda #100T
 80B6 [03] B744       267       sta time
 80B8 [05] CD8000     268       jsr Var_Delay
 80BB [03] 20FE       269  loop: bra loop
                      270  PROVERKA:
 80BD [05] CD80D0     271       jsr PRB4
 80C0 [02] AB03       272       add #3T
 80C2 [05] CD80DD     273       jsr PRB5
 80C5 [02] AB03       274       add #3T
 80C7 [05] CD80EA     275       jsr PRB6
 80CA [02] AB03       276       add #3T
 80CC [05] CD80F7     277       jsr PRB7
 80CF [04] 81         278       rts
                      279  
                      280  


knopka06.asm           Assembled with CASM08Z  13.02.05  14:09:39  PAGE 6



                      281  PRB4:
 80D0 [05] 090003     282       brclr 4,PTA,L1
 80D3 [03] CC80DC     283       jmp K1
 80D6 [05] CD802A     284  L1:  jsr LCD_Write
 80D9 [05] 0900FD     285  B1:  brclr 4,PTA,B1
 80DC [04] 81         286  K1:  rts
                      287  
                      288  PRB5:
 80DD [05] 0B0003     289       brclr 5,PTA,L2
 80E0 [03] CC80E9     290       jmp K2
 80E3 [05] CD802A     291  L2:  jsr LCD_Write
 80E6 [05] 0B00FD     292  B2:  brclr 5,PTA,B2
 80E9 [04] 81         293  K2:  rts
                      294  
                      295  PRB6:
 80EA [05] 0D0003     296       brclr 6,PTA,L3
 80ED [03] CC80F6     297       jmp K3
 80F0 [05] CD802A     298  L3:  jsr LCD_Write
 80F3 [05] 0D00FD     299  B3:  brclr 6,PTA,B3
 80F6 [04] 81         300  K3:  rts
                      301  
                      302  PRB7:
 80F7 [05] 0F0003     303       brclr 7,PTA,L4
 80FA [03] CC8124     304       jmp K5
 80FD [02] A13A       305  L4:  cmp #$3A
 80FF [03] 270B       306       beq E1
 8101 [02] A13B       307       cmp #$3B
 8103 [03] 270F       308       beq E2
 8105 [02] A13C       309       cmp #$3C
 8107 [03] 2713       310       beq E3
 8109 [03] CC8121     311       jmp K4
 810C [02] A601       312  E1:  lda #1T
 810E [05] CD8125     313       jsr comand
 8111 [03] CC8121     314       jmp K4
 8114 [02] A630       315  E2:  lda #$30
 8116 [05] CD802A     316       jsr LCD_Write
 8119 [03] CC8121     317       jmp K4
 811C [02] A602       318  E3:  lda #2T
 811E [05] CD8125     319       jsr comand
 8121 [05] 0F00FD     320  K4:  brclr 7,PTA,K4
 8124 [04] 81         321  K5:  rts
                      322  
                      323  
                      324  comand:
 8125 [04] 1303       325       bclr LCD_RS,LCD_CTRU
 8127 [05] CD802A     326       jsr  LCD_Write
 812A [04] 1203       327       bset LCD_RS,LCD_CTRU
 812C [04] 81         328       rts
                      329  
                      330  
                      331  
                      332  Dummy_Isr:
 812D [07] 80         333         rti              ; Return
                      334  
                      335  
                      336  ****************************************************
                                                    ***************************
                      337  * Vectors section                                   


knopka06.asm           Assembled with CASM08Z  13.02.05  14:09:39  PAGE 7



                                                                              *
                      338  ****************************************************
                                                    ***************************
 FFDC                 339         org  VectorStart
                      340  
 FFDC      812D       341         dw  Dummy_Isr    ; Time Base Vector
 FFDE      812D       342         dw  Dummy_Isr    ; ADC Conversion Complete
 FFE0      812D       343         dw  Dummy_Isr    ; Keyboard Vector
 FFE2      812D       344         dw  Dummy_Isr    ; SCI Transmit Vector
 FFE4      812D       345         dw  Dummy_Isr    ; SCI Receive Vector
 FFE6      812D       346         dw  Dummy_Isr    ; SCI Error Vector
 FFE8      812D       347         dw  Dummy_Isr    ; SPI Transmit Vector
 FFEA      812D       348         dw  Dummy_Isr    ; SPI Receive Vector
 FFEC      812D       349         dw  Dummy_Isr    ; TIM2 Overflow Vector
 FFEE      812D       350         dw  Dummy_Isr    ; TIM2 Channel 1 Vector
 FFF0      812D       351         dw  Dummy_Isr    ; TIM2 Channel 0 Vector
 FFF2      812D       352         dw  Dummy_Isr    ; TIM1 Overflow Vector
 FFF4      812D       353         dw  Dummy_Isr    ; TIM1 Channel 1 Vector
 FFF6      812D       354         dw  Dummy_Isr    ; TIM1 Channel 0 Vector
 FFF8      812D       355         dw  Dummy_Isr    ; PLL Vector
 FFFA      812D       356         dw  Dummy_Isr    ; ~IRQ1 Vector
 FFFC      812D       357         dw  Dummy_Isr    ; SWI Vector
 FFFE      8069       358         dw  Main_Init    ; Reset Vector
                      359  
                      360  
                      361   

 Symbol Table 

ADCLK            003E
ADR              003D
ADSCR            003C
B1               80D9
B2               80E6
B3               80F3
BRKH             FE09
BRKL             FE0A
BRKSCR           FE0B
COMAND           8125
CONFIG1          001F
CONFIG2          001E
COPCTL           FFFF
DDRA             0004
DDRB             0005
DDRC             0006
DDRD             0007
DDRE             000C
DELAYREG1        0040
DELAYREG2        0041
DELAYREG3        0042
DUMMY_ISR        812D
E1               810C
E2               8114
E3               811C
FLBPR            FF80
FLCR             FE08
FLTCR            FE07
I1               0045


knopka06.asm           Assembled with CASM08Z  13.02.05  14:09:39  PAGE 8



ICGCR            0036
ICGDSR           003A
ICGDVR           0039
ICGMR            0037
ICGTR            0038
ICGTR3           FF81
ICGTR5           FF80
INT1             FE04
INT2             FE05
INT3             FE06
INTKBIER         001B
INTKBSCR         001A
INTSCR           001D
K1               80DC
K2               80E9
K3               80F6
K4               8121
K5               8124
L1               80D6
L2               80E3
L3               80F0
L4               80FD
L5               800D
L6               8002
L8               8090
LCDDATA          0043
LCD_CTRL         0002
LCD_CTRU         0003
LCD_DATA         0002
LCD_DATA_MASK    000F
LCD_DELAY_40US   800A
LCD_E            0004
LCD_INIT         8031
LCD_RS           0001
LCD_RW           0000
LCD_WRITE        802A
LCD_WRITE_NIBBLE 8012
LOOP             80BB
LVISR            FE0C
MAIN_INIT        8069
OPROS            8087
PBWC             0037
PCTL             0036
PMDS             003B
PMRS             003A
PMSH             0038
PMSL             0039
PORTA            0000
PORTB            0001
PORTC            0002
PORTD            0003
PORTE            0008
PRB4             80D0
PRB5             80DD
PRB6             80EA
PRB7             80F7
PROVERKA         80BD
PTA              0000


knopka06.asm           Assembled with CASM08Z  13.02.05  14:09:39  PAGE 9



PTAPUE           000D
PTB              0001
PTC              0002
PTCPUE           000E
PTD              0003
PTDPUE           000F
PTE              0008
RAMSTART         0040
ROMSTART         8000
SBFCR            FE03
SBSR             FE00
SCBR             0019
SCC1             0013
SCC2             0014
SCC3             0015
SCDR             0018
SCIACTL          000A
SCIADAT          000B
SCPSC            0009
SCS1             0016
SCS2             0017
SPCR             0010
SPDR             0012
SPSCR            0011
SRSR             FE01
SUBAR            FE02
T1CH0H           0026
T1CH0L           0027
T1CH1H           0029
T1CH1L           002A
T1CNTH           0021
T1CNTL           0022
T1MODH           0023
T1MODL           0024
T1SC             0020
T1SC0            0025
T1SC1            0028
T2CH0H           0031
T2CH0L           0032
T2CH1H           0034
T2CH1L           0035
T2CNTH           002C
T2CNTL           002D
T2MODH           002E
T2MODL           002F
T2SC             002B
T2SC0            0030
T2SC1            0033
TBCR             001C
TIME             0044
VAR_DELAY        8000
VECTORSTART      FFDC
