
Knopka.asm             Assembled with CASM08Z  08.01.05  13:03:10  PAGE 1



 0000                   1  RAMStart      EQU  $0040
 0000                   2  ROMStart      EQU  $8000
 0000                   3  VectorStart   EQU  $FFDC
                        4  
 0000                   5  $Include 'gpgtregs.inc'
                        6   ; 68HC908GT16/GP32 Equates
                        7  
 0000                   8  PTA    EQU $0000     ; Ports and data direction
 0000                   9  PORTA  EQU $0000
 0000                  10  PTB    EQU $0001
 0000                  11  PORTB  EQU $0001
 0000                  12  PTC    EQU $0002
 0000                  13  PORTC  EQU $0002
 0000                  14  PTD    EQU $0003
 0000                  15  PORTD  EQU $0003
 0000                  16  DDRA   EQU $0004
 0000                  17  DDRB   EQU $0005
 0000                  18  DDRC   EQU $0006
 0000                  19  DDRD   EQU $0007
 0000                  20  PTE    EQU $0008
 0000                  21  PORTE  EQU $0008
                       22  
 0000                  23  SCPSC   EQU $0009    ;GT16 Only - Enhanced SCI
 0000                  24  SCIACTL EQU $000A    ;GT16 Only
 0000                  25  SCIADAT EQU $000B    ;GT16 Only
                       26  
 0000                  27  DDRE    EQU $000C    ; Ports and data direction
                       28  
 0000                  29  PTAPUE  EQU $000D    ; Port pull-up enables
 0000                  30  PTCPUE  EQU $000E
 0000                  31  PTDPUE  EQU $000F
                       32  
 0000                  33  SPCR    EQU $0010    ; SPI (Syncronous communication
                                                                             s)
 0000                  34  SPSCR   EQU $0011
 0000                  35  SPDR    EQU $0012
                       36  
 0000                  37  SCC1    EQU $0013    ; SCI (Asyncronous communicatio
                                                                            ns)
 0000                  38  SCC2    EQU $0014
 0000                  39  SCC3    EQU $0015
 0000                  40  SCS1    EQU $0016
 0000                  41  SCS2    EQU $0017
 0000                  42  SCDR    EQU $0018
 0000                  43  SCBR    EQU $0019
                       44  
 0000                  45  INTKBSCR EQU $001a   ; Keyboard interrupt control/st
                                                                           atus
 0000                  46  INTKBIER EQU $001b
                       47  
 0000                  48  TBCR    EQU $001c    ; Time base module
                       49  
 0000                  50  INTSCR  EQU $001d    ; IRQ status/control
                       51  
 0000                  52  CONFIG2 EQU $001e    ; System configuration
 0000                  53  CONFIG1 EQU $001f
                       54  
 0000                  55  T1SC    EQU $0020    ; Timer 1


Knopka.asm             Assembled with CASM08Z  08.01.05  13:03:10  PAGE 2



 0000                  56  T1CNTH  EQU $0021
 0000                  57  T1CNTL  EQU $0022
 0000                  58  T1MODH  EQU $0023
 0000                  59  T1MODL  EQU $0024
 0000                  60  T1SC0   EQU $0025
 0000                  61  T1CH0H  EQU $0026
 0000                  62  T1CH0L  EQU $0027
 0000                  63  T1SC1   EQU $0028
 0000                  64  T1CH1H  EQU $0029
 0000                  65  T1CH1L  EQU $002a
                       66  
 0000                  67  T2SC    EQU $002b    ; Timer 2
 0000                  68  T2CNTH  EQU $002c
 0000                  69  T2CNTL  EQU $002d
 0000                  70  T2MODH  EQU $002e
 0000                  71  T2MODL  EQU $002f
 0000                  72  T2SC0   EQU $0030
 0000                  73  T2CH0H  EQU $0031
 0000                  74  T2CH0L  EQU $0032
 0000                  75  T2SC1   EQU $0033
 0000                  76  T2CH1H  EQU $0034
 0000                  77  T2CH1L  EQU $0035
                       78  
 0000                  79  PCTL    EQU $0036    ; GP32 Only - Phase lock loop 
                                                                 (for crystals)
 0000                  80  PBWC    EQU $0037    ; GP32 Only
 0000                  81  PMSH    EQU $0038    ; GP32 Only
 0000                  82  PMSL    EQU $0039    ; GP32 Only
 0000                  83  PMRS    EQU $003A    ; GP32 Only
 0000                  84  PMDS    EQU $003B    ; GP32 Only
                       85  
 0000                  86  ICGCR   EQU $0036    ; GT16 Only - Internal Clock 
                                                                      Generator
 0000                  87  ICGMR   EQU $0037    ; GT16 Only
 0000                  88  ICGTR   EQU $0038    ; GT16 Only
 0000                  89  ICGDVR  EQU $0039    ; GT16 Only
 0000                  90  ICGDSR  EQU $003A    ; GT16 Only
 0000                  91  ICGTR5  EQU $FF80    ; GT16 Only
 0000                  92  ICGTR3  EQU $FF81    ; GT16 Only
                       93  
 0000                  94  ADSCR   EQU $003C    ; A to D converter
 0000                  95  ADR     EQU $003D
 0000                  96  ADCLK   EQU $003E
                       97  
 0000                  98  SBSR    EQU $fe00    ; System integration
 0000                  99  SRSR    EQU $fe01
 0000                 100  SUBAR   EQU $fe02
 0000                 101  SBFCR   EQU $fe03
                      102  
 0000                 103  INT1    EQU $fe04    ; Interrupt status
 0000                 104  INT2    EQU $fe05
 0000                 105  INT3    EQU $fe06
                      106  
 0000                 107  FLTCR   EQU $fe07    ; Flash test/programming
 0000                 108  FLCR    EQU $fe08
                      109  
 0000                 110  BRKH    EQU $fe09    ; Hardware breakpoint
 0000                 111  BRKL    EQU $fe0a


Knopka.asm             Assembled with CASM08Z  08.01.05  13:03:10  PAGE 3



 0000                 112  BRKSCR  EQU $fe0b
                      113  
 0000                 114  LVISR   EQU $fe0c    ; Low voltage detect
                      115  
 0000                 116  FLBPR   EQU $ff80    ; Flash boot protect
                      117  
 0000                 118  COPCTL  EQU $ffff    ; COP (Computer operating 
                                                              properly) control
                      119  
                      120  
                      121  
                      122  ; (C)opywrite P&E Microcomputer Systems, 1998, 2002
                      123  ; http://www.pemicro.com
                      124  
                      125  
 0000                 126  LCD_CTRL      EQU  PORTC
 0000                 127  LCD_DATA      EQU  PORTC
 0000                 128  LCD_DATA_MASK EQU  $0F
 0000                 129  LCD_RS        EQU  6
 0000                 130  LCD_RW        EQU  5
 0000                 131  LCD_E         EQU  4
                      132  
                      133  
 0040                 134          org   RAMStart
                      135  
 0040                 136  delayReg1 ds 1
 0041                 137  delayReg2 ds 1
 0042                 138  delayReg3 ds 1
 0043                 139  lcddata   ds 1
 0044                 140  time      ds 1
                      141  
 8000                 142        org   ROMStart
                      143  
                      144  Var_Delay:
 8000 [02] A621       145         lda   #33T
 8002 [01] 4A         146  L6:    deca
 8003 [03] 26FD       147         bne   L6
 8005 [04] 3A44       148         dec   time
 8007 [03] 26F7       149         bne   Var_Delay
 8009 [04] 81         150         rts
                      151  
                      152  
                      153  LCD_Delay_40us:
 800A [02] 87         154         psha        ;2 cycles
 800B [02] A60E       155         lda   #14T  ;2 cycles
 800D [01] 4A         156  L5:    deca        ;1 cycle
 800E [03] 26FD       157         bne   L5    ;3 cycles
 8010 [02] 86         158         pula        ;2 cycles
 8011 [04] 81         159         rts         ;4 cycles
                      160  
                      161  LCD_Write_Nibble:
 8012 [02] 87         162         psha
 8013 [02] A40F       163         and   #$0F
 8015 [02] 87         164         psha
 8016 [02] 9B         165         sei
 8017 [03] B602       166         lda   LCD_DATA
 8019 [02] A4F0       167         and   #$F0
 801B [04] 9EEA01     168         ora   1,SP


Knopka.asm             Assembled with CASM08Z  08.01.05  13:03:10  PAGE 4



 801E [03] B702       169         sta   LCD_DATA
 8020 [02] 9A         170         cli
 8021 [04] 1802       171         bset  LCD_E,LCD_CTRL
 8023 [04] 1902       172         bclr  LCD_E,LCD_CTRL
 8025 [04] ADE3       173         bsr   LCD_Delay_40us
 8027 [02] 86         174         pula
 8028 [02] 86         175         pula
 8029 [04] 81         176         rts
                      177  
                      178  
                      179  LCD_Write:
 802A [03] 62         180         nsa
 802B [04] ADE5       181         bsr   LCD_Write_Nibble
 802D [03] 62         182         nsa
 802E [04] ADE2       183         bsr   LCD_Write_Nibble
 8030 [04] 81         184         rts
                      185  
                      186  LCD_Init:
                      187  *** Wait for 15ms
 8031 [02] A696       188         lda   #150T
 8033 [03] B744       189         sta   time
 8035 [05] CD8000     190         jsr   Var_Delay
                      191  *** Send Init Command
 8038 [02] A603       192         lda   #$03
 803A [05] CD8012     193         jsr   LCD_Write_Nibble
                      194  *** Wait for 4.1ms
 803D [02] A629       195         lda   #41T
 803F [03] B744       196         sta   time
 8041 [05] CD8000     197         jsr   Var_Delay
                      198  *** Send Init Command
 8044 [02] A603       199         lda   #$03
 8046 [05] CD8012     200         jsr   LCD_Write_Nibble
                      201  *** Wait for 100 us
 8049 [02] A601       202         lda   #1
 804B [03] B744       203         sta   time
 804D [05] CD8000     204         jsr   Var_Delay
                      205  *** Send Init Command
 8050 [02] A603       206         lda   #$03
 8052 [05] CD8012     207         jsr   LCD_Write_Nibble
                      208  *** Send Function Set Command (4 bit bus, 2 rows, 
                                                                      5x7 dots)
 8055 [02] A602       209         lda   #$02
 8057 [05] CD8012     210         jsr   LCD_Write_Nibble
 805A [02] A628       211         lda   #$28
 805C [05] CD802A     212         jsr   LCD_Write
                      213  *** Send Display Ctrl Command (display on, cursor 
                                                              off, no blinking)
 805F [02] A60C       214         lda   #$0C
 8061 [05] CD802A     215         jsr   LCD_Write
                      216  *** Send Clear Display Command (clear display, 
                                                               cursor addr = 0)
 8064 [02] A601       217         lda   #$01
 8066 [05] CD802A     218         jsr   LCD_Write
 8069 [02] A6C8       219         lda   #200T
 806B [03] B744       220         sta   time
 806D [05] CD8000     221         jsr   Var_Delay
                      222  *** Send Entry Mode Command (increment, no display 
                                                                         shift)


Knopka.asm             Assembled with CASM08Z  08.01.05  13:03:10  PAGE 5



 8070 [02] A604       223         lda   #$04
 8072 [05] CD802A     224         jsr   LCD_Write
 8075 [04] 1C02       225         bset  LCD_RS,LCD_CTRL
 8077 [04] 81         226         rts
                      227  
                      228  
                      229  Main_Init:
 8078 [01] 9C         230         rsp
 8079 [03] B61F       231         lda   CONFIG1
 807B [02] AA01       232         ora   #1
 807D [03] B71F       233         sta   CONFIG1
 807F [04] 6E0E04     234         mov   #$0E,DDRA
 8082 [04] 6EF00D     235         mov   #$F0,PTAPUE
 8085 [04] 6E7F06     236         mov   #$7F,DDRC
 8088 [04] 6E0002     237         mov   #$00,PORTC
 808B [05] CD8031     238         jsr   LCD_Init
 808E [01] 5F         239         clrx
 808F [01] 8C         240         clrh
                      241  OPROS:
 8090 [02] A631       242       lda #$31
 8092 [04] 1300       243       bclr 1,PTA
 8094 [05] CD80B0     244       jsr PROVERKA
 8097 [01] 4F         245       clra
 8098 [04] 1200       246       bset 1,PTA
 809A [02] A632       247       lda #$32
 809C [04] 1500       248       bclr 2,PTA
 809E [05] CD80B0     249       jsr PROVERKA
 80A1 [01] 4F         250       clra
 80A2 [04] 1400       251       bset 2,PTA
 80A4 [02] A633       252       lda #$33
 80A6 [04] 1700       253       bclr 3,PTA
 80A8 [05] CD80B0     254       jsr PROVERKA
 80AB [01] 4F         255       clra
 80AC [04] 1600       256       bset 3,PTA
 80AE [03] 20E0       257       bra OPROS
                      258  
                      259  PROVERKA:
 80B0 [05] CD80C3     260       jsr PRB4
 80B3 [02] AB03       261       add #3T
 80B5 [05] CD80D0     262       jsr PRB5
 80B8 [02] AB03       263       add #3T
 80BA [05] CD80DD     264       jsr PRB6
 80BD [02] AB03       265       add #3T
 80BF [05] CD80EA     266       jsr PRB7
 80C2 [04] 81         267       rts
                      268  
                      269  
                      270  PRB4:
 80C3 [05] 090003     271       brclr 4,PTA,L1
 80C6 [03] CC80CF     272       jmp K1
 80C9 [05] CD802A     273  L1:  jsr LCD_Write
 80CC [05] 0900FD     274  B1:  brclr 4,PTA,B1
 80CF [04] 81         275  K1:  rts
                      276  
                      277  PRB5:
 80D0 [05] 0B0003     278       brclr 5,PTA,L2
 80D3 [03] CC80DC     279       jmp K2
 80D6 [05] CD802A     280  L2:  jsr LCD_Write


Knopka.asm             Assembled with CASM08Z  08.01.05  13:03:10  PAGE 6



 80D9 [05] 0B00FD     281  B2:  brclr 5,PTA,B2
 80DC [04] 81         282  K2:  rts
                      283  
                      284  PRB6:
 80DD [05] 0D0003     285       brclr 6,PTA,L3
 80E0 [03] CC80E9     286       jmp K3
 80E3 [05] CD802A     287  L3:  jsr LCD_Write
 80E6 [05] 0D00FD     288  B3:  brclr 6,PTA,B3
 80E9 [04] 81         289  K3:  rts
                      290  
                      291  PRB7:
 80EA [05] 0F0003     292       brclr 7,PTA,L4
 80ED [03] CC8117     293       jmp K5
 80F0 [02] A13A       294  L4:  cmp #$3A
 80F2 [03] 270B       295       beq E1
 80F4 [02] A13B       296       cmp #$3B
 80F6 [03] 270F       297       beq E2
 80F8 [02] A13C       298       cmp #$3C
 80FA [03] 2713       299       beq E3
 80FC [03] CC8114     300       jmp K4
 80FF [02] A601       301  E1:  lda #1T
 8101 [05] CD8118     302       jsr comand
 8104 [03] CC8114     303       jmp K4
 8107 [02] A630       304  E2:  lda #$30
 8109 [05] CD802A     305       jsr LCD_Write
 810C [03] CC8114     306       jmp K4
 810F [02] A602       307  E3:  lda #2T
 8111 [05] CD8118     308       jsr comand
 8114 [05] 0F00FD     309  K4:  brclr 7,PTA,K4
 8117 [04] 81         310  K5:  rts
                      311  
                      312  
                      313  comand:
 8118 [04] 1D02       314       bclr LCD_RS,LCD_CTRL
 811A [05] CD802A     315       jsr  LCD_Write
 811D [04] 1C02       316       bset LCD_RS,LCD_CTRL
 811F [04] 81         317       rts
                      318  
                      319  
                      320  
                      321  Dummy_Isr:
 8120 [07] 80         322         rti              ; Return
                      323  
                      324  
                      325  ****************************************************
                                                    ***************************
                      326  * Vectors section                                   
                                                                              *
                      327  ****************************************************
                                                    ***************************
 FFDC                 328         org  VectorStart
                      329  
 FFDC      8120       330         dw  Dummy_Isr    ; Time Base Vector
 FFDE      8120       331         dw  Dummy_Isr    ; ADC Conversion Complete
 FFE0      8120       332         dw  Dummy_Isr    ; Keyboard Vector
 FFE2      8120       333         dw  Dummy_Isr    ; SCI Transmit Vector
 FFE4      8120       334         dw  Dummy_Isr    ; SCI Receive Vector
 FFE6      8120       335         dw  Dummy_Isr    ; SCI Error Vector


Knopka.asm             Assembled with CASM08Z  08.01.05  13:03:10  PAGE 7



 FFE8      8120       336         dw  Dummy_Isr    ; SPI Transmit Vector
 FFEA      8120       337         dw  Dummy_Isr    ; SPI Receive Vector
 FFEC      8120       338         dw  Dummy_Isr    ; TIM2 Overflow Vector
 FFEE      8120       339         dw  Dummy_Isr    ; TIM2 Channel 1 Vector
 FFF0      8120       340         dw  Dummy_Isr    ; TIM2 Channel 0 Vector
 FFF2      8120       341         dw  Dummy_Isr    ; TIM1 Overflow Vector
 FFF4      8120       342         dw  Dummy_Isr    ; TIM1 Channel 1 Vector
 FFF6      8120       343         dw  Dummy_Isr    ; TIM1 Channel 0 Vector
 FFF8      8120       344         dw  Dummy_Isr    ; PLL Vector
 FFFA      8120       345         dw  Dummy_Isr    ; ~IRQ1 Vector
 FFFC      8120       346         dw  Dummy_Isr    ; SWI Vector
 FFFE      8078       347         dw  Main_Init    ; Reset Vector
                      348  
                      349  
                      350   

 Symbol Table 

ADCLK            003E
ADR              003D
ADSCR            003C
B1               80CC
B2               80D9
B3               80E6
BRKH             FE09
BRKL             FE0A
BRKSCR           FE0B
COMAND           8118
CONFIG1          001F
CONFIG2          001E
COPCTL           FFFF
DDRA             0004
DDRB             0005
DDRC             0006
DDRD             0007
DDRE             000C
DELAYREG1        0040
DELAYREG2        0041
DELAYREG3        0042
DUMMY_ISR        8120
E1               80FF
E2               8107
E3               810F
FLBPR            FF80
FLCR             FE08
FLTCR            FE07
ICGCR            0036
ICGDSR           003A
ICGDVR           0039
ICGMR            0037
ICGTR            0038
ICGTR3           FF81
ICGTR5           FF80
INT1             FE04
INT2             FE05
INT3             FE06
INTKBIER         001B
INTKBSCR         001A


Knopka.asm             Assembled with CASM08Z  08.01.05  13:03:10  PAGE 8



INTSCR           001D
K1               80CF
K2               80DC
K3               80E9
K4               8114
K5               8117
L1               80C9
L2               80D6
L3               80E3
L4               80F0
L5               800D
L6               8002
LCDDATA          0043
LCD_CTRL         0002
LCD_DATA         0002
LCD_DATA_MASK    000F
LCD_DELAY_40US   800A
LCD_E            0004
LCD_INIT         8031
LCD_RS           0006
LCD_RW           0005
LCD_WRITE        802A
LCD_WRITE_NIBBLE 8012
LVISR            FE0C
MAIN_INIT        8078
OPROS            8090
PBWC             0037
PCTL             0036
PMDS             003B
PMRS             003A
PMSH             0038
PMSL             0039
PORTA            0000
PORTB            0001
PORTC            0002
PORTD            0003
PORTE            0008
PRB4             80C3
PRB5             80D0
PRB6             80DD
PRB7             80EA
PROVERKA         80B0
PTA              0000
PTAPUE           000D
PTB              0001
PTC              0002
PTCPUE           000E
PTD              0003
PTDPUE           000F
PTE              0008
RAMSTART         0040
ROMSTART         8000
SBFCR            FE03
SBSR             FE00
SCBR             0019
SCC1             0013
SCC2             0014
SCC3             0015


Knopka.asm             Assembled with CASM08Z  08.01.05  13:03:10  PAGE 9



SCDR             0018
SCIACTL          000A
SCIADAT          000B
SCPSC            0009
SCS1             0016
SCS2             0017
SPCR             0010
SPDR             0012
SPSCR            0011
SRSR             FE01
SUBAR            FE02
T1CH0H           0026
T1CH0L           0027
T1CH1H           0029
T1CH1L           002A
T1CNTH           0021
T1CNTL           0022
T1MODH           0023
T1MODL           0024
T1SC             0020
T1SC0            0025
T1SC1            0028
T2CH0H           0031
T2CH0L           0032
T2CH1H           0034
T2CH1L           0035
T2CNTH           002C
T2CNTL           002D
T2MODH           002E
T2MODL           002F
T2SC             002B
T2SC0            0030
T2SC1            0033
TBCR             001C
TIME             0044
VAR_DELAY        8000
VECTORSTART      FFDC
