
knopka19.asm           Assembled with CASM08Z  09.04.05  23:57:50  PAGE 1



                        1  ;prog 09.04.05 knopka19.asm
 0000                   2  RAMStart      EQU  $0040
 0000                   3  ROMStart      EQU  $8000
 0000                   4  VectorStart   EQU  $FFDC
                        5  
 0000                   6  $Include 'gpgtregs.inc'
                        7   ; 68HC908GT16/GP32 Equates
                        8  
 0000                   9  PTA    EQU $0000     ; Ports and data direction
 0000                  10  PORTA  EQU $0000
 0000                  11  PTB    EQU $0001
 0000                  12  PORTB  EQU $0001
 0000                  13  PTC    EQU $0002
 0000                  14  PORTC  EQU $0002
 0000                  15  PTD    EQU $0003
 0000                  16  PORTD  EQU $0003
 0000                  17  DDRA   EQU $0004
 0000                  18  DDRB   EQU $0005
 0000                  19  DDRC   EQU $0006
 0000                  20  DDRD   EQU $0007
 0000                  21  PTE    EQU $0008
 0000                  22  PORTE  EQU $0008
                       23  
 0000                  24  SCPSC   EQU $0009    ;GT16 Only - Enhanced SCI
 0000                  25  SCIACTL EQU $000A    ;GT16 Only
 0000                  26  SCIADAT EQU $000B    ;GT16 Only
                       27  
 0000                  28  DDRE    EQU $000C    ; Ports and data direction
                       29  
 0000                  30  PTAPUE  EQU $000D    ; Port pull-up enables
 0000                  31  PTCPUE  EQU $000E
 0000                  32  PTDPUE  EQU $000F
                       33  
 0000                  34  SPCR    EQU $0010    ; SPI (Syncronous communication
                                                                             s)
 0000                  35  SPSCR   EQU $0011
 0000                  36  SPDR    EQU $0012
                       37  
 0000                  38  SCC1    EQU $0013    ; SCI (Asyncronous communicatio
                                                                            ns)
 0000                  39  SCC2    EQU $0014
 0000                  40  SCC3    EQU $0015
 0000                  41  SCS1    EQU $0016
 0000                  42  SCS2    EQU $0017
 0000                  43  SCDR    EQU $0018
 0000                  44  SCBR    EQU $0019
                       45  
 0000                  46  INTKBSCR EQU $001a   ; Keyboard interrupt control/st
                                                                           atus
 0000                  47  INTKBIER EQU $001b
                       48  
 0000                  49  TBCR    EQU $001c    ; Time base module
                       50  
 0000                  51  INTSCR  EQU $001d    ; IRQ status/control
                       52  
 0000                  53  CONFIG2 EQU $001e    ; System configuration
 0000                  54  CONFIG1 EQU $001f
                       55  


knopka19.asm           Assembled with CASM08Z  09.04.05  23:57:50  PAGE 2



 0000                  56  T1SC    EQU $0020    ; Timer 1
 0000                  57  T1CNTH  EQU $0021
 0000                  58  T1CNTL  EQU $0022
 0000                  59  T1MODH  EQU $0023
 0000                  60  T1MODL  EQU $0024
 0000                  61  T1SC0   EQU $0025
 0000                  62  T1CH0H  EQU $0026
 0000                  63  T1CH0L  EQU $0027
 0000                  64  T1SC1   EQU $0028
 0000                  65  T1CH1H  EQU $0029
 0000                  66  T1CH1L  EQU $002a
                       67  
 0000                  68  T2SC    EQU $002b    ; Timer 2
 0000                  69  T2CNTH  EQU $002c
 0000                  70  T2CNTL  EQU $002d
 0000                  71  T2MODH  EQU $002e
 0000                  72  T2MODL  EQU $002f
 0000                  73  T2SC0   EQU $0030
 0000                  74  T2CH0H  EQU $0031
 0000                  75  T2CH0L  EQU $0032
 0000                  76  T2SC1   EQU $0033
 0000                  77  T2CH1H  EQU $0034
 0000                  78  T2CH1L  EQU $0035
                       79  
 0000                  80  PCTL    EQU $0036    ; GP32 Only - Phase lock loop 
                                                                 (for crystals)
 0000                  81  PBWC    EQU $0037    ; GP32 Only
 0000                  82  PMSH    EQU $0038    ; GP32 Only
 0000                  83  PMSL    EQU $0039    ; GP32 Only
 0000                  84  PMRS    EQU $003A    ; GP32 Only
 0000                  85  PMDS    EQU $003B    ; GP32 Only
                       86  
 0000                  87  ICGCR   EQU $0036    ; GT16 Only - Internal Clock 
                                                                      Generator
 0000                  88  ICGMR   EQU $0037    ; GT16 Only
 0000                  89  ICGTR   EQU $0038    ; GT16 Only
 0000                  90  ICGDVR  EQU $0039    ; GT16 Only
 0000                  91  ICGDSR  EQU $003A    ; GT16 Only
 0000                  92  ICGTR5  EQU $FF80    ; GT16 Only
 0000                  93  ICGTR3  EQU $FF81    ; GT16 Only
                       94  
 0000                  95  ADSCR   EQU $003C    ; A to D converter
 0000                  96  ADR     EQU $003D
 0000                  97  ADCLK   EQU $003E
                       98  
 0000                  99  SBSR    EQU $fe00    ; System integration
 0000                 100  SRSR    EQU $fe01
 0000                 101  SUBAR   EQU $fe02
 0000                 102  SBFCR   EQU $fe03
                      103  
 0000                 104  INT1    EQU $fe04    ; Interrupt status
 0000                 105  INT2    EQU $fe05
 0000                 106  INT3    EQU $fe06
                      107  
 0000                 108  FLTCR   EQU $fe07    ; Flash test/programming
 0000                 109  FLCR    EQU $fe08
                      110  
 0000                 111  BRKH    EQU $fe09    ; Hardware breakpoint


knopka19.asm           Assembled with CASM08Z  09.04.05  23:57:50  PAGE 3



 0000                 112  BRKL    EQU $fe0a
 0000                 113  BRKSCR  EQU $fe0b
                      114  
 0000                 115  LVISR   EQU $fe0c    ; Low voltage detect
                      116  
 0000                 117  FLBPR   EQU $ff80    ; Flash boot protect
                      118  
 0000                 119  COPCTL  EQU $ffff    ; COP (Computer operating 
                                                              properly) control
                      120  
                      121  
                      122  
                      123  ; (C)opywrite P&E Microcomputer Systems, 1998, 2002
                      124  ; http://www.pemicro.com
                      125  
                      126  
 0000                 127  LCD_CTRL      EQU  PORTC
 0000                 128  LCD_DATA      EQU  PORTC
 0000                 129  LCD_DATA_MASK EQU  $0F
 0000                 130  LCD_RS        EQU  1
 0000                 131  LCD_RW        EQU  0
 0000                 132  LCD_E         EQU  4
 0000                 133  LCD_CTRU      EQU  PORTD
                      134  
                      135  
 0040                 136          org   RAMStart
                      137  
 0040                 138  delayReg1 ds 1
 0041                 139  delayReg2 ds 1
 0042                 140  delayReg3 ds 1
 0043                 141  lcddata   ds 1
 0044                 142  time      ds 1
 0045                 143  i1        ds 1
 0046                 144  i2        ds 1
 0047                 145  i3        ds 1
 0048                 146  c0        ds 32
 007A                 147  cr        ds 1
 007B                 148  time0     ds 1
 007C                 149  flgt      ds 1
 8000                 150        org   ROMStart
                      151  
                      152  Var_Delay:
 8000 [02] A621       153         lda   #33T
 8002 [01] 4A         154  L6:    deca
 8003 [03] 26FD       155         bne   L6
 8005 [04] 3A44       156         dec   time
 8007 [03] 26F7       157         bne   Var_Delay
 8009 [04] 81         158         rts
                      159  
                      160  
                      161  LCD_Delay_40us:
 800A [02] 87         162         psha        ;2 cycles
 800B [02] A60E       163         lda   #14T  ;2 cycles
 800D [01] 4A         164  L5:    deca        ;1 cycle
 800E [03] 26FD       165         bne   L5    ;3 cycles
 8010 [02] 86         166         pula        ;2 cycles
 8011 [04] 81         167         rts         ;4 cycles
                      168  


knopka19.asm           Assembled with CASM08Z  09.04.05  23:57:50  PAGE 4



                      169  LCD_Write_Nibble:
 8012 [02] 87         170         psha
 8013 [02] A40F       171         and   #$0F
 8015 [02] 87         172         psha
 8016 [02] 9B         173         sei
 8017 [03] B602       174         lda   LCD_DATA
 8019 [02] A4F0       175         and   #$F0
 801B [04] 9EEA01     176         ora   1,SP
 801E [03] B702       177         sta   LCD_DATA
 8020 [02] 9A         178         cli
 8021 [04] 1802       179         bset  LCD_E,LCD_CTRL
 8023 [04] 1902       180         bclr  LCD_E,LCD_CTRL
 8025 [04] ADE3       181         bsr   LCD_Delay_40us
 8027 [02] 86         182         pula
 8028 [02] 86         183         pula
 8029 [04] 81         184         rts
                      185  
                      186  
                      187  LCD_Write:
 802A [03] 62         188         nsa
 802B [04] ADE5       189         bsr   LCD_Write_Nibble
 802D [03] 62         190         nsa
 802E [04] ADE2       191         bsr   LCD_Write_Nibble
 8030 [04] 81         192         rts
                      193  
                      194  LCD_Init:
                      195  *** Wait for 15ms
 8031 [02] A696       196         lda   #150T
 8033 [03] B744       197         sta   time
 8035 [05] CD8000     198         jsr   Var_Delay
                      199  *** Send Init Command
 8038 [02] A602       200         lda   #$02
 803A [05] CD8012     201         jsr   LCD_Write_Nibble
                      202  *** Wait for 4.1ms
 803D [02] A629       203         lda   #41T
 803F [03] B744       204         sta   time
 8041 [05] CD8000     205         jsr   Var_Delay
                      206  *** Send Init Command
 8044 [02] A608       207         lda   #$08
 8046 [05] CD8012     208         jsr   LCD_Write_Nibble
                      209  *** Wait for 100 us
 8049 [02] A601       210         lda   #1
 804B [03] B744       211         sta   time
 804D [05] CD8000     212         jsr   Var_Delay
                      213  *** Send Init Command
                      214      ;   lda   #$00
                      215      ;   jsr   LCD_Write_Nibble
                      216  *** Send Function Set Command (4 bit bus, 2 rows, 
                                                                      5x7 dots)
                      217     ;    lda   #$0F
                      218     ;    jsr   LCD_Write_Nibble
 8050 [02] A60F       219         lda   #$0F
 8052 [05] CD802A     220         jsr   LCD_Write
                      221  *** Send Display Ctrl Command (display on, cursor 
                                                              off, no blinking)
 8055 [02] A628       222         lda   #$28
 8057 [05] CD802A     223         jsr   LCD_Write
                      224  *** Send Clear Display Command (clear display, 


knopka19.asm           Assembled with CASM08Z  09.04.05  23:57:50  PAGE 5



                                                               cursor addr = 0)
 805A [02] A601       225         lda   #$01
 805C [05] CD802A     226         jsr   LCD_Write
 805F [02] A6C8       227         lda   #200T
 8061 [03] B744       228         sta   time
 8063 [05] CD8000     229         jsr   Var_Delay
                      230  *** Send Entry Mode Command (increment, no display 
                                                                         shift)
                      231  ;       lda   #$04
                      232  ;       jsr   LCD_Write
 8066 [04] 1203       233         bset  LCD_RS,LCD_CTRU
 8068 [04] 81         234         rts
                      235  
                      236  
                      237  Main_Init:
 8069 [01] 9C         238         rsp
                      239  ;       mov   #$1,CONFIG2
 806A [03] B61F       240         lda   CONFIG1
 806C [02] AA01       241         ora   #1
 806E [03] B71F       242         sta   CONFIG1
 8070 [04] 6E0E04     243         mov   #$0E,DDRA
 8073 [04] 6EF00D     244         mov   #$F0,PTAPUE
 8076 [04] 6E1F06     245         mov   #$1F,DDRC
 8079 [04] 6E0002     246         mov   #$00,PORTC
 807C [04] 6E0B07     247         mov   #$0B,DDRD
 807F [04] 6E0003     248         mov   #$00,PORTD
 8082 [03] 3F7B       249         clr   time0
 8084 [03] 3F7C       250         clr   flgt
 8086 [05] CD8031     251         jsr   LCD_Init
 8089 [04] 6E6620     252         mov   #$66,T1SC
 808C [04] 1B20       253         bclr  5,T1SC
 808E [02] 9A         254         cli
 808F [01] 5F         255         clrx
 8090 [01] 8C         256         clrh
                      257  OPROS:
                      258  ;1-aja stroka
 8091 [02] A64C       259         lda   #$4c
 8093 [03] B748       260         sta   c0
 8095 [02] A62B       261         lda   #$2b
 8097 [03] B749       262         sta   c0+1
 8099 [02] A632       263         lda   #$32
 809B [03] B74A       264         sta   c0+2
 809D [02] A631       265         lda   #$31
 809F [03] B74B       266         sta   c0+3
 80A1 [02] A62E       267         lda   #$2e
 80A3 [03] B74C       268         sta   c0+4
 80A5 [02] A631       269         lda   #$31
 80A7 [03] B74D       270         sta   c0+5
 80A9 [02] A630       271         lda   #$30
 80AB [03] B74E       272         sta   c0+6
 80AD [02] A654       273         lda   #$54
 80AF [03] B74F       274         sta   c0+7
 80B1 [02] A645       275         lda   #$45
 80B3 [03] B750       276         sta   c0+8
 80B5 [02] A654       277         lda   #$54
 80B7 [03] B751       278         sta   c0+9
 80B9 [02] A62B       279         lda   #$2b
 80BB [03] B758       280         sta   c0+10


knopka19.asm           Assembled with CASM08Z  09.04.05  23:57:50  PAGE 6



 80BD [02] A631       281         lda   #$31
 80BF [03] B759       282         sta   c0+11
 80C1 [02] A639       283         lda   #$39
 80C3 [03] B75A       284         sta   c0+12
 80C5 [02] A62E       285         lda   #$2e
 80C7 [03] B75B       286         sta   c0+13
 80C9 [02] A638       287         lda   #$38
 80CB [03] B75C       288         sta   c0+14
 80CD [02] A638       289         lda   #$38
 80CF [03] B75D       290         sta   c0+15
                      291  ;2-aja stroka
 80D1 [02] A648       292         lda   #$48
 80D3 [03] B75E       293         sta   c0+16
 80D5 [02] A62B       294         lda   #$2b
 80D7 [03] B75F       295         sta   c0+17
 80D9 [02] A632       296         lda   #$32
 80DB [03] B760       297         sta   c0+18
 80DD [02] A631       298         lda   #$31
 80DF [03] B761       299         sta   c0+19
 80E1 [02] A62E       300         lda   #$2e
 80E3 [03] B768       301         sta   c0+20
 80E5 [02] A638       302         lda   #$38
 80E7 [03] B769       303         sta   c0+21
 80E9 [02] A630       304         lda   #$30
 80EB [03] B76A       305         sta   c0+22
 80ED [02] A64F       306         lda   #$4f
 80EF [03] B76B       307         sta   c0+23
 80F1 [02] A646       308         lda   #$46
 80F3 [03] B76C       309         sta   c0+24
 80F5 [02] A646       310         lda   #$46
 80F7 [03] B76D       311         sta   c0+25
 80F9 [02] A62D       312         lda   #$2d
 80FB [03] B76E       313         sta   c0+26
 80FD [02] A62D       314         lda   #$2d
 80FF [03] B76F       315         sta   c0+27
 8101 [02] A62D       316         lda   #$2d
 8103 [03] B770       317         sta   c0+28
 8105 [02] A62D       318         lda   #$2d
 8107 [03] B771       319         sta   c0+29
 8109 [02] A62D       320         lda   #$2d
 810B [03] B778       321         sta   c0+30
 810D [02] A62D       322         lda   #$2d
 810F [03] B779       323         sta   c0+31
                      324  ;Clear Display i ustanov kursora na 0
 8111 [04] 1303       325         bclr  LCD_RS,LCD_CTRU
 8113 [02] A601       326         lda   #$01
 8115 [05] CD802A     327         jsr   LCD_Write
 8118 [02] A6C8       328         lda   #200T
 811A [03] B744       329         sta   time
 811C [05] CD8000     330         jsr   Var_Delay
                      331  ;Delay 0,5 sek
                      332  loop:
 811F [02] A6FF       333       lda #$FF
 8121 [03] B745       334       sta i1
                      335  L8:
 8123 [02] A632       336       lda #50T
 8125 [03] B744       337       sta time
 8127 [05] CD8000     338       jsr Var_Delay


knopka19.asm           Assembled with CASM08Z  09.04.05  23:57:50  PAGE 7



 812A [05] 3B45F6     339       dbnz i1,L8
 812D [02] A622       340       lda   #34T
 812F [03] B746       341       sta   i2
 8131 [01] 8C         342       clrh
 8132 [01] 5F         343       clrx
                      344  L9:
 8133 [03] B646       345       lda i2
 8135 [02] A122       346       cmp #34T
 8137 [03] 2715       347       beq lm01
 8139 [02] A111       348       cmp #17T
 813B [03] 2715       349       beq lm03
 813D [04] 1203       350       bset LCD_RS,LCD_CTRU
 813F [03] E648       351       lda c0,x
 8141 [05] CD802A     352       jsr LCD_Write
 8144 [02] A664       353       lda #100T
 8146 [03] B744       354       sta time
 8148 [05] CD8000     355       jsr Var_Delay
 814B [01] 5C         356       incx
 814C [03] 2012       357       bra lm00
                      358  lm01:
 814E [02] A680       359       lda #$80
 8150 [03] 2002       360       bra lm02
                      361  lm03:
 8152 [02] A6A8       362       lda #$A8
                      363  lm02:
 8154 [04] 1303       364       bclr LCD_RS,LCD_CTRU
 8156 [05] CD802A     365       jsr LCD_Write
 8159 [02] A664       366       lda #100T
 815B [03] B744       367       sta time
 815D [05] CD8000     368       jsr Var_Delay
                      369  lm00:
 8160 [05] 3B46D0     370       dbnz i2,L9
 8163 [01] 8C         371       clrh
 8164 [01] 5F         372       clrx
 8165 [02] A61F       373       lda  #31T
 8167 [03] B745       374       sta  i1
 8169 [05] 4E487A     375       mov  c0,cr
                      376  lm04:
                      377  ;     lda  c0+1,x
                      378   ;    sta  c0,x
 816C [01] 5C         379       incx
 816D [05] 3B45FC     380       dbnz i1,lm04
 8170 [03] B67A       381       lda  cr
                      382    ;   sta  c0,x
 8172 [03] B603       383       lda  PORTD
 8174 [02] A808       384       eor  #$08
 8176 [03] B703       385       sta  PORTD
 8178 [02] A508       386       bit  #$08
 817A [03] 270C       387       beq  lm05
 817C [02] A620       388       lda  #$20
 817E [03] B76B       389       sta  c0+23
 8180 [02] A64F       390       lda  #$4f
 8182 [03] B76C       391       sta  c0+24
 8184 [02] A64E       392       lda  #$4e
 8186 [03] 2008       393       bra  lm07
                      394  lm05:
 8188 [02] A64F       395       lda  #$4f
 818A [03] B76B       396       sta  c0+23


knopka19.asm           Assembled with CASM08Z  09.04.05  23:57:50  PAGE 8



 818C [02] A646       397       lda  #$46
 818E [03] B76C       398       sta  c0+24
                      399  lm07:
 8190 [03] B76D       400       sta  c0+25
 8192 [03] 208B       401       bra  loop
                      402  PROVERKA:
 8194 [05] CD81A7     403       jsr PRB4
 8197 [02] AB03       404       add #3T
 8199 [05] CD81B4     405       jsr PRB5
 819C [02] AB03       406       add #3T
 819E [05] CD81C1     407       jsr PRB6
 81A1 [02] AB03       408       add #3T
 81A3 [05] CD81CE     409       jsr PRB7
 81A6 [04] 81         410       rts
                      411  
                      412  
                      413  PRB4:
 81A7 [05] 090003     414       brclr 4,PTA,L1
 81AA [03] CC81B3     415       jmp K1
 81AD [05] CD802A     416  L1:  jsr LCD_Write
 81B0 [05] 0900FD     417  B1:  brclr 4,PTA,B1
 81B3 [04] 81         418  K1:  rts
                      419  
                      420  PRB5:
 81B4 [05] 0B0003     421       brclr 5,PTA,L2
 81B7 [03] CC81C0     422       jmp K2
 81BA [05] CD802A     423  L2:  jsr LCD_Write
 81BD [05] 0B00FD     424  B2:  brclr 5,PTA,B2
 81C0 [04] 81         425  K2:  rts
                      426  
                      427  PRB6:
 81C1 [05] 0D0003     428       brclr 6,PTA,L3
 81C4 [03] CC81CD     429       jmp K3
 81C7 [05] CD802A     430  L3:  jsr LCD_Write
 81CA [05] 0D00FD     431  B3:  brclr 6,PTA,B3
 81CD [04] 81         432  K3:  rts
                      433  
                      434  PRB7:
 81CE [05] 0F0003     435       brclr 7,PTA,L4
 81D1 [03] CC81FB     436       jmp K5
 81D4 [02] A13A       437  L4:  cmp #$3A
 81D6 [03] 270B       438       beq E1
 81D8 [02] A13B       439       cmp #$3B
 81DA [03] 270F       440       beq E2
 81DC [02] A13C       441       cmp #$3C
 81DE [03] 2713       442       beq E3
 81E0 [03] CC81F8     443       jmp K4
 81E3 [02] A601       444  E1:  lda #1T
 81E5 [05] CD81FC     445       jsr comand
 81E8 [03] CC81F8     446       jmp K4
 81EB [02] A630       447  E2:  lda #$30
 81ED [05] CD802A     448       jsr LCD_Write
 81F0 [03] CC81F8     449       jmp K4
 81F3 [02] A602       450  E3:  lda #2T
 81F5 [05] CD81FC     451       jsr comand
 81F8 [05] 0F00FD     452  K4:  brclr 7,PTA,K4
 81FB [04] 81         453  K5:  rts
                      454  


knopka19.asm           Assembled with CASM08Z  09.04.05  23:57:50  PAGE 9



                      455  
                      456  comand:
 81FC [04] 1303       457       bclr LCD_RS,LCD_CTRU
 81FE [05] CD802A     458       jsr  LCD_Write
 8201 [04] 1203       459       bset LCD_RS,LCD_CTRU
 8203 [04] 81         460       rts
                      461  t1_isr:
 8204 [02] 8B         462       pshh
 8205 [03] B620       463       lda  T1SC
 8207 [02] A47F       464       and  #$7f
 8209 [03] B720       465       sta  T1SC
                      466  ;     inc  time0
                      467   ;    lda  #10T
                      468    ;   cbeq time0,mt100
 820B [03] 202A       469       bra  iret
                      470  mt100:
 820D [03] 3F7B       471       clr  time0
 820F [03] B67C       472       lda  flgt
 8211 [02] A801       473       eor  #$01
 8213 [03] B77C       474       sta  flgt
 8215 [02] A501       475       bit  #$01
 8217 [03] 270E       476       beq  mt101
 8219 [02] A631       477       lda  #$31
 821B [03] B759       478       sta  c0+11
 821D [02] A639       479       lda  #$39
 821F [03] B75A       480       sta  c0+12
 8221 [02] A638       481       lda  #$38
 8223 [03] B75C       482       sta  c0+14
 8225 [03] 200E       483       bra  mt102
                      484  mt101:
 8227 [02] A632       485       lda  #$32
 8229 [03] B759       486       sta  c0+11
 822B [02] A630       487       lda  #$30
 822D [03] B75A       488       sta  c0+12
 822F [02] A635       489       lda  #$35
 8231 [03] B75C       490       sta  c0+14
 8233 [02] A633       491       lda  #$33
                      492  mt102:
 8235 [03] B75D       493       sta  c0+15
                      494  iret:
 8237 [02] 8A         495       pulh
 8238 [07] 80         496       rti
                      497  Dummy_Isr:
 8239 [07] 80         498         rti              ; Return
                      499  
                      500  
                      501  ****************************************************
                                                    ***************************
                      502  * Vectors section                                   
                                                                              *
                      503  ****************************************************
                                                    ***************************
 FFDC                 504         org  VectorStart
                      505  
 FFDC      8239       506         dw  Dummy_Isr    ; Time Base Vector
 FFDE      8239       507         dw  Dummy_Isr    ; ADC Conversion Complete
 FFE0      8239       508         dw  Dummy_Isr    ; Keyboard Vector
 FFE2      8239       509         dw  Dummy_Isr    ; SCI Transmit Vector


knopka19.asm           Assembled with CASM08Z  09.04.05  23:57:50  PAGE 10



 FFE4      8239       510         dw  Dummy_Isr    ; SCI Receive Vector
 FFE6      8239       511         dw  Dummy_Isr    ; SCI Error Vector
 FFE8      8239       512         dw  Dummy_Isr    ; SPI Transmit Vector
 FFEA      8239       513         dw  Dummy_Isr    ; SPI Receive Vector
 FFEC      8239       514         dw  Dummy_Isr    ; TIM2 Overflow Vector
 FFEE      8239       515         dw  Dummy_Isr    ; TIM2 Channel 1 Vector
 FFF0      8239       516         dw  Dummy_Isr    ; TIM2 Channel 0 Vector
 FFF2      8204       517         dw  t1_isr    ; TIM1 Overflow Vector
 FFF4      8239       518         dw  Dummy_Isr    ; TIM1 Channel 1 Vector
 FFF6      8239       519         dw  Dummy_Isr    ; TIM1 Channel 0 Vector
 FFF8      8239       520         dw  Dummy_Isr    ; PLL Vector
 FFFA      8239       521         dw  Dummy_Isr    ; ~IRQ1 Vector
 FFFC      8239       522         dw  Dummy_Isr    ; SWI Vector
 FFFE      8069       523         dw  Main_Init    ; Reset Vector
                      524  
                      525  
                      526   

 Symbol Table 

ADCLK            003E
ADR              003D
ADSCR            003C
B1               81B0
B2               81BD
B3               81CA
BRKH             FE09
BRKL             FE0A
BRKSCR           FE0B
C0               0048
COMAND           81FC
CONFIG1          001F
CONFIG2          001E
COPCTL           FFFF
CR               007A
DDRA             0004
DDRB             0005
DDRC             0006
DDRD             0007
DDRE             000C
DELAYREG1        0040
DELAYREG2        0041
DELAYREG3        0042
DUMMY_ISR        8239
E1               81E3
E2               81EB
E3               81F3
FLBPR            FF80
FLCR             FE08
FLGT             007C
FLTCR            FE07
I1               0045
I2               0046
I3               0047
ICGCR            0036
ICGDSR           003A
ICGDVR           0039
ICGMR            0037


knopka19.asm           Assembled with CASM08Z  09.04.05  23:57:50  PAGE 11



ICGTR            0038
ICGTR3           FF81
ICGTR5           FF80
INT1             FE04
INT2             FE05
INT3             FE06
INTKBIER         001B
INTKBSCR         001A
INTSCR           001D
IRET             8237
K1               81B3
K2               81C0
K3               81CD
K4               81F8
K5               81FB
L1               81AD
L2               81BA
L3               81C7
L4               81D4
L5               800D
L6               8002
L8               8123
L9               8133
LCDDATA          0043
LCD_CTRL         0002
LCD_CTRU         0003
LCD_DATA         0002
LCD_DATA_MASK    000F
LCD_DELAY_40US   800A
LCD_E            0004
LCD_INIT         8031
LCD_RS           0001
LCD_RW           0000
LCD_WRITE        802A
LCD_WRITE_NIBBLE 8012
LM00             8160
LM01             814E
LM02             8154
LM03             8152
LM04             816C
LM05             8188
LM07             8190
LOOP             811F
LVISR            FE0C
MAIN_INIT        8069
MT100            820D
MT101            8227
MT102            8235
OPROS            8091
PBWC             0037
PCTL             0036
PMDS             003B
PMRS             003A
PMSH             0038
PMSL             0039
PORTA            0000
PORTB            0001
PORTC            0002


knopka19.asm           Assembled with CASM08Z  09.04.05  23:57:50  PAGE 12



PORTD            0003
PORTE            0008
PRB4             81A7
PRB5             81B4
PRB6             81C1
PRB7             81CE
PROVERKA         8194
PTA              0000
PTAPUE           000D
PTB              0001
PTC              0002
PTCPUE           000E
PTD              0003
PTDPUE           000F
PTE              0008
RAMSTART         0040
ROMSTART         8000
SBFCR            FE03
SBSR             FE00
SCBR             0019
SCC1             0013
SCC2             0014
SCC3             0015
SCDR             0018
SCIACTL          000A
SCIADAT          000B
SCPSC            0009
SCS1             0016
SCS2             0017
SPCR             0010
SPDR             0012
SPSCR            0011
SRSR             FE01
SUBAR            FE02
T1CH0H           0026
T1CH0L           0027
T1CH1H           0029
T1CH1L           002A
T1CNTH           0021
T1CNTL           0022
T1MODH           0023
T1MODL           0024
T1SC             0020
T1SC0            0025
T1SC1            0028
T1_ISR           8204
T2CH0H           0031
T2CH0L           0032
T2CH1H           0034
T2CH1L           0035
T2CNTH           002C
T2CNTL           002D
T2MODH           002E
T2MODL           002F
T2SC             002B
T2SC0            0030
T2SC1            0033
TBCR             001C


knopka19.asm           Assembled with CASM08Z  09.04.05  23:57:50  PAGE 13



TIME             0044
TIME0            007B
VAR_DELAY        8000
VECTORSTART      FFDC
