
knopka09.asm           Assembled with CASM08Z  13.02.05  15:11:27  PAGE 1



 0000                   1  RAMStart      EQU  $0040
 0000                   2  ROMStart      EQU  $8000
 0000                   3  VectorStart   EQU  $FFDC
                        4  
 0000                   5  $Include 'gpgtregs.inc'
                        6   ; 68HC908GT16/GP32 Equates
                        7  
 0000                   8  PTA    EQU $0000     ; Ports and data direction
 0000                   9  PORTA  EQU $0000
 0000                  10  PTB    EQU $0001
 0000                  11  PORTB  EQU $0001
 0000                  12  PTC    EQU $0002
 0000                  13  PORTC  EQU $0002
 0000                  14  PTD    EQU $0003
 0000                  15  PORTD  EQU $0003
 0000                  16  DDRA   EQU $0004
 0000                  17  DDRB   EQU $0005
 0000                  18  DDRC   EQU $0006
 0000                  19  DDRD   EQU $0007
 0000                  20  PTE    EQU $0008
 0000                  21  PORTE  EQU $0008
                       22  
 0000                  23  SCPSC   EQU $0009    ;GT16 Only - Enhanced SCI
 0000                  24  SCIACTL EQU $000A    ;GT16 Only
 0000                  25  SCIADAT EQU $000B    ;GT16 Only
                       26  
 0000                  27  DDRE    EQU $000C    ; Ports and data direction
                       28  
 0000                  29  PTAPUE  EQU $000D    ; Port pull-up enables
 0000                  30  PTCPUE  EQU $000E
 0000                  31  PTDPUE  EQU $000F
                       32  
 0000                  33  SPCR    EQU $0010    ; SPI (Syncronous communication
                                                                             s)
 0000                  34  SPSCR   EQU $0011
 0000                  35  SPDR    EQU $0012
                       36  
 0000                  37  SCC1    EQU $0013    ; SCI (Asyncronous communicatio
                                                                            ns)
 0000                  38  SCC2    EQU $0014
 0000                  39  SCC3    EQU $0015
 0000                  40  SCS1    EQU $0016
 0000                  41  SCS2    EQU $0017
 0000                  42  SCDR    EQU $0018
 0000                  43  SCBR    EQU $0019
                       44  
 0000                  45  INTKBSCR EQU $001a   ; Keyboard interrupt control/st
                                                                           atus
 0000                  46  INTKBIER EQU $001b
                       47  
 0000                  48  TBCR    EQU $001c    ; Time base module
                       49  
 0000                  50  INTSCR  EQU $001d    ; IRQ status/control
                       51  
 0000                  52  CONFIG2 EQU $001e    ; System configuration
 0000                  53  CONFIG1 EQU $001f
                       54  
 0000                  55  T1SC    EQU $0020    ; Timer 1


knopka09.asm           Assembled with CASM08Z  13.02.05  15:11:27  PAGE 2



 0000                  56  T1CNTH  EQU $0021
 0000                  57  T1CNTL  EQU $0022
 0000                  58  T1MODH  EQU $0023
 0000                  59  T1MODL  EQU $0024
 0000                  60  T1SC0   EQU $0025
 0000                  61  T1CH0H  EQU $0026
 0000                  62  T1CH0L  EQU $0027
 0000                  63  T1SC1   EQU $0028
 0000                  64  T1CH1H  EQU $0029
 0000                  65  T1CH1L  EQU $002a
                       66  
 0000                  67  T2SC    EQU $002b    ; Timer 2
 0000                  68  T2CNTH  EQU $002c
 0000                  69  T2CNTL  EQU $002d
 0000                  70  T2MODH  EQU $002e
 0000                  71  T2MODL  EQU $002f
 0000                  72  T2SC0   EQU $0030
 0000                  73  T2CH0H  EQU $0031
 0000                  74  T2CH0L  EQU $0032
 0000                  75  T2SC1   EQU $0033
 0000                  76  T2CH1H  EQU $0034
 0000                  77  T2CH1L  EQU $0035
                       78  
 0000                  79  PCTL    EQU $0036    ; GP32 Only - Phase lock loop 
                                                                 (for crystals)
 0000                  80  PBWC    EQU $0037    ; GP32 Only
 0000                  81  PMSH    EQU $0038    ; GP32 Only
 0000                  82  PMSL    EQU $0039    ; GP32 Only
 0000                  83  PMRS    EQU $003A    ; GP32 Only
 0000                  84  PMDS    EQU $003B    ; GP32 Only
                       85  
 0000                  86  ICGCR   EQU $0036    ; GT16 Only - Internal Clock 
                                                                      Generator
 0000                  87  ICGMR   EQU $0037    ; GT16 Only
 0000                  88  ICGTR   EQU $0038    ; GT16 Only
 0000                  89  ICGDVR  EQU $0039    ; GT16 Only
 0000                  90  ICGDSR  EQU $003A    ; GT16 Only
 0000                  91  ICGTR5  EQU $FF80    ; GT16 Only
 0000                  92  ICGTR3  EQU $FF81    ; GT16 Only
                       93  
 0000                  94  ADSCR   EQU $003C    ; A to D converter
 0000                  95  ADR     EQU $003D
 0000                  96  ADCLK   EQU $003E
                       97  
 0000                  98  SBSR    EQU $fe00    ; System integration
 0000                  99  SRSR    EQU $fe01
 0000                 100  SUBAR   EQU $fe02
 0000                 101  SBFCR   EQU $fe03
                      102  
 0000                 103  INT1    EQU $fe04    ; Interrupt status
 0000                 104  INT2    EQU $fe05
 0000                 105  INT3    EQU $fe06
                      106  
 0000                 107  FLTCR   EQU $fe07    ; Flash test/programming
 0000                 108  FLCR    EQU $fe08
                      109  
 0000                 110  BRKH    EQU $fe09    ; Hardware breakpoint
 0000                 111  BRKL    EQU $fe0a


knopka09.asm           Assembled with CASM08Z  13.02.05  15:11:27  PAGE 3



 0000                 112  BRKSCR  EQU $fe0b
                      113  
 0000                 114  LVISR   EQU $fe0c    ; Low voltage detect
                      115  
 0000                 116  FLBPR   EQU $ff80    ; Flash boot protect
                      117  
 0000                 118  COPCTL  EQU $ffff    ; COP (Computer operating 
                                                              properly) control
                      119  
                      120  
                      121  
                      122  ; (C)opywrite P&E Microcomputer Systems, 1998, 2002
                      123  ; http://www.pemicro.com
                      124  
                      125  
 0000                 126  LCD_CTRL      EQU  PORTC
 0000                 127  LCD_DATA      EQU  PORTC
 0000                 128  LCD_DATA_MASK EQU  $0F
 0000                 129  LCD_RS        EQU  1
 0000                 130  LCD_RW        EQU  0
 0000                 131  LCD_E         EQU  4
 0000                 132  LCD_CTRU      EQU  PORTD
                      133  
                      134  
 0040                 135          org   RAMStart
                      136  
 0040                 137  delayReg1 ds 1
 0041                 138  delayReg2 ds 1
 0042                 139  delayReg3 ds 1
 0043                 140  lcddata   ds 1
 0044                 141  time      ds 1
 0045                 142  i1        ds 1
 0046                 143  i2        ds 1
 0047                 144  i3        ds 1
 0048      30313233   145  c0        db '0123456789ABCDEF'
           34353637 
           38394142 
           43444546 
                      146  
                      147  
 8000                 148        org   ROMStart
                      149  
                      150  Var_Delay:
 8000 [02] A621       151         lda   #33T
 8002 [01] 4A         152  L6:    deca
 8003 [03] 26FD       153         bne   L6
 8005 [04] 3A44       154         dec   time
 8007 [03] 26F7       155         bne   Var_Delay
 8009 [04] 81         156         rts
                      157  
                      158  
                      159  LCD_Delay_40us:
 800A [02] 87         160         psha        ;2 cycles
 800B [02] A60E       161         lda   #14T  ;2 cycles
 800D [01] 4A         162  L5:    deca        ;1 cycle
 800E [03] 26FD       163         bne   L5    ;3 cycles
 8010 [02] 86         164         pula        ;2 cycles
 8011 [04] 81         165         rts         ;4 cycles


knopka09.asm           Assembled with CASM08Z  13.02.05  15:11:27  PAGE 4



                      166  
                      167  LCD_Write_Nibble:
 8012 [02] 87         168         psha
 8013 [02] A40F       169         and   #$0F
 8015 [02] 87         170         psha
 8016 [02] 9B         171         sei
 8017 [03] B602       172         lda   LCD_DATA
 8019 [02] A4F0       173         and   #$F0
 801B [04] 9EEA01     174         ora   1,SP
 801E [03] B702       175         sta   LCD_DATA
 8020 [02] 9A         176         cli
 8021 [04] 1802       177         bset  LCD_E,LCD_CTRL
 8023 [04] 1902       178         bclr  LCD_E,LCD_CTRL
 8025 [04] ADE3       179         bsr   LCD_Delay_40us
 8027 [02] 86         180         pula
 8028 [02] 86         181         pula
 8029 [04] 81         182         rts
                      183  
                      184  
                      185  LCD_Write:
 802A [03] 62         186         nsa
 802B [04] ADE5       187         bsr   LCD_Write_Nibble
 802D [03] 62         188         nsa
 802E [04] ADE2       189         bsr   LCD_Write_Nibble
 8030 [04] 81         190         rts
                      191  
                      192  LCD_Init:
                      193  *** Wait for 15ms
 8031 [02] A696       194         lda   #150T
 8033 [03] B744       195         sta   time
 8035 [05] CD8000     196         jsr   Var_Delay
                      197  *** Send Init Command
 8038 [02] A602       198         lda   #$02
 803A [05] CD8012     199         jsr   LCD_Write_Nibble
                      200  *** Wait for 4.1ms
 803D [02] A629       201         lda   #41T
 803F [03] B744       202         sta   time
 8041 [05] CD8000     203         jsr   Var_Delay
                      204  *** Send Init Command
 8044 [02] A608       205         lda   #$08
 8046 [05] CD8012     206         jsr   LCD_Write_Nibble
                      207  *** Wait for 100 us
 8049 [02] A601       208         lda   #1
 804B [03] B744       209         sta   time
 804D [05] CD8000     210         jsr   Var_Delay
                      211  *** Send Init Command
                      212      ;   lda   #$00
                      213      ;   jsr   LCD_Write_Nibble
                      214  *** Send Function Set Command (4 bit bus, 2 rows, 
                                                                      5x7 dots)
                      215     ;    lda   #$0F
                      216     ;    jsr   LCD_Write_Nibble
 8050 [02] A60F       217         lda   #$0F
 8052 [05] CD802A     218         jsr   LCD_Write
                      219  *** Send Display Ctrl Command (display on, cursor 
                                                              off, no blinking)
 8055 [02] A628       220         lda   #$28
 8057 [05] CD802A     221         jsr   LCD_Write


knopka09.asm           Assembled with CASM08Z  13.02.05  15:11:27  PAGE 5



                      222  *** Send Clear Display Command (clear display, 
                                                               cursor addr = 0)
 805A [02] A601       223         lda   #$01
 805C [05] CD802A     224         jsr   LCD_Write
 805F [02] A6C8       225         lda   #200T
 8061 [03] B744       226         sta   time
 8063 [05] CD8000     227         jsr   Var_Delay
                      228  *** Send Entry Mode Command (increment, no display 
                                                                         shift)
                      229  ;       lda   #$04
                      230  ;       jsr   LCD_Write
 8066 [04] 1203       231         bset  LCD_RS,LCD_CTRU
 8068 [04] 81         232         rts
                      233  
                      234  
                      235  Main_Init:
 8069 [01] 9C         236         rsp
 806A [03] B61F       237         lda   CONFIG1
 806C [02] AA01       238         ora   #1
 806E [03] B71F       239         sta   CONFIG1
 8070 [04] 6E0E04     240         mov   #$0E,DDRA
 8073 [04] 6EF00D     241         mov   #$F0,PTAPUE
 8076 [04] 6E1F06     242         mov   #$1F,DDRC
 8079 [04] 6E0002     243         mov   #$00,PORTC
 807C [04] 6E0B07     244         mov   #$0B,DDRD
 807F [04] 6E0003     245         mov   #$00,PORTD
 8082 [05] CD8031     246         jsr   LCD_Init
 8085 [01] 5F         247         clrx
 8086 [01] 8C         248         clrh
                      249  OPROS:
 8087 [02] A610       250       lda #16T
 8089 [03] B747       251       sta i3
                      252  ;Delay 0,5 sek
                      253  L8:
 808B [02] A60A       254       lda #10T
 808D [03] B744       255       sta time
 808F [05] CD8000     256       jsr Var_Delay
 8092 [05] 3B45F6     257       dbnz i1,L8
                      258  ;Clear Display i ustanov kursora na 0
 8095 [04] 1303       259       bclr  LCD_RS,LCD_CTRU
 8097 [02] A601       260       lda   #$01
 8099 [05] CD802A     261       jsr   LCD_Write
 809C [02] A6C8       262       lda   #200T
 809E [03] B744       263       sta   time
 80A0 [05] CD8000     264       jsr   Var_Delay
 80A3 [04] 1203       265       bset  LCD_RS,LCD_CTRU
 80A5 [02] A611       266       lda   #17T
 80A7 [03] B047       267       sub   i3
 80A9 [03] B746       268       sta   i2
 80AB [01] 8C         269       clrh
 80AC [02] AE15       270       ldx   #15
                      271  L9:
 80AE [02] A633       272       lda #$33
 80B0 [05] CD802A     273       jsr LCD_Write
 80B3 [02] A664       274       lda #100T
 80B5 [03] B744       275       sta time
 80B7 [05] CD8000     276       jsr Var_Delay
 80BA [01] 5A         277       decx


knopka09.asm           Assembled with CASM08Z  13.02.05  15:11:27  PAGE 6



 80BB [05] 3B46F0     278       dbnz i2,L9
 80BE [05] 3B47CA     279       dbnz i3,L8
 80C1 [03] 20FE       280  loop: bra loop
                      281  PROVERKA:
 80C3 [05] CD80D6     282       jsr PRB4
 80C6 [02] AB03       283       add #3T
 80C8 [05] CD80E3     284       jsr PRB5
 80CB [02] AB03       285       add #3T
 80CD [05] CD80F0     286       jsr PRB6
 80D0 [02] AB03       287       add #3T
 80D2 [05] CD80FD     288       jsr PRB7
 80D5 [04] 81         289       rts
                      290  
                      291  
                      292  PRB4:
 80D6 [05] 090003     293       brclr 4,PTA,L1
 80D9 [03] CC80E2     294       jmp K1
 80DC [05] CD802A     295  L1:  jsr LCD_Write
 80DF [05] 0900FD     296  B1:  brclr 4,PTA,B1
 80E2 [04] 81         297  K1:  rts
                      298  
                      299  PRB5:
 80E3 [05] 0B0003     300       brclr 5,PTA,L2
 80E6 [03] CC80EF     301       jmp K2
 80E9 [05] CD802A     302  L2:  jsr LCD_Write
 80EC [05] 0B00FD     303  B2:  brclr 5,PTA,B2
 80EF [04] 81         304  K2:  rts
                      305  
                      306  PRB6:
 80F0 [05] 0D0003     307       brclr 6,PTA,L3
 80F3 [03] CC80FC     308       jmp K3
 80F6 [05] CD802A     309  L3:  jsr LCD_Write
 80F9 [05] 0D00FD     310  B3:  brclr 6,PTA,B3
 80FC [04] 81         311  K3:  rts
                      312  
                      313  PRB7:
 80FD [05] 0F0003     314       brclr 7,PTA,L4
 8100 [03] CC812A     315       jmp K5
 8103 [02] A13A       316  L4:  cmp #$3A
 8105 [03] 270B       317       beq E1
 8107 [02] A13B       318       cmp #$3B
 8109 [03] 270F       319       beq E2
 810B [02] A13C       320       cmp #$3C
 810D [03] 2713       321       beq E3
 810F [03] CC8127     322       jmp K4
 8112 [02] A601       323  E1:  lda #1T
 8114 [05] CD812B     324       jsr comand
 8117 [03] CC8127     325       jmp K4
 811A [02] A630       326  E2:  lda #$30
 811C [05] CD802A     327       jsr LCD_Write
 811F [03] CC8127     328       jmp K4
 8122 [02] A602       329  E3:  lda #2T
 8124 [05] CD812B     330       jsr comand
 8127 [05] 0F00FD     331  K4:  brclr 7,PTA,K4
 812A [04] 81         332  K5:  rts
                      333  
                      334  
                      335  comand:


knopka09.asm           Assembled with CASM08Z  13.02.05  15:11:27  PAGE 7



 812B [04] 1303       336       bclr LCD_RS,LCD_CTRU
 812D [05] CD802A     337       jsr  LCD_Write
 8130 [04] 1203       338       bset LCD_RS,LCD_CTRU
 8132 [04] 81         339       rts
                      340  
                      341  
                      342  
                      343  Dummy_Isr:
 8133 [07] 80         344         rti              ; Return
                      345  
                      346  
                      347  ****************************************************
                                                    ***************************
                      348  * Vectors section                                   
                                                                              *
                      349  ****************************************************
                                                    ***************************
 FFDC                 350         org  VectorStart
                      351  
 FFDC      8133       352         dw  Dummy_Isr    ; Time Base Vector
 FFDE      8133       353         dw  Dummy_Isr    ; ADC Conversion Complete
 FFE0      8133       354         dw  Dummy_Isr    ; Keyboard Vector
 FFE2      8133       355         dw  Dummy_Isr    ; SCI Transmit Vector
 FFE4      8133       356         dw  Dummy_Isr    ; SCI Receive Vector
 FFE6      8133       357         dw  Dummy_Isr    ; SCI Error Vector
 FFE8      8133       358         dw  Dummy_Isr    ; SPI Transmit Vector
 FFEA      8133       359         dw  Dummy_Isr    ; SPI Receive Vector
 FFEC      8133       360         dw  Dummy_Isr    ; TIM2 Overflow Vector
 FFEE      8133       361         dw  Dummy_Isr    ; TIM2 Channel 1 Vector
 FFF0      8133       362         dw  Dummy_Isr    ; TIM2 Channel 0 Vector
 FFF2      8133       363         dw  Dummy_Isr    ; TIM1 Overflow Vector
 FFF4      8133       364         dw  Dummy_Isr    ; TIM1 Channel 1 Vector
 FFF6      8133       365         dw  Dummy_Isr    ; TIM1 Channel 0 Vector
 FFF8      8133       366         dw  Dummy_Isr    ; PLL Vector
 FFFA      8133       367         dw  Dummy_Isr    ; ~IRQ1 Vector
 FFFC      8133       368         dw  Dummy_Isr    ; SWI Vector
 FFFE      8069       369         dw  Main_Init    ; Reset Vector
                      370  
                      371  
                      372   

 Symbol Table 

ADCLK            003E
ADR              003D
ADSCR            003C
B1               80DF
B2               80EC
B3               80F9
BRKH             FE09
BRKL             FE0A
BRKSCR           FE0B
C0               0048
COMAND           812B
CONFIG1          001F
CONFIG2          001E
COPCTL           FFFF
DDRA             0004


knopka09.asm           Assembled with CASM08Z  13.02.05  15:11:27  PAGE 8



DDRB             0005
DDRC             0006
DDRD             0007
DDRE             000C
DELAYREG1        0040
DELAYREG2        0041
DELAYREG3        0042
DUMMY_ISR        8133
E1               8112
E2               811A
E3               8122
FLBPR            FF80
FLCR             FE08
FLTCR            FE07
I1               0045
I2               0046
I3               0047
ICGCR            0036
ICGDSR           003A
ICGDVR           0039
ICGMR            0037
ICGTR            0038
ICGTR3           FF81
ICGTR5           FF80
INT1             FE04
INT2             FE05
INT3             FE06
INTKBIER         001B
INTKBSCR         001A
INTSCR           001D
K1               80E2
K2               80EF
K3               80FC
K4               8127
K5               812A
L1               80DC
L2               80E9
L3               80F6
L4               8103
L5               800D
L6               8002
L8               808B
L9               80AE
LCDDATA          0043
LCD_CTRL         0002
LCD_CTRU         0003
LCD_DATA         0002
LCD_DATA_MASK    000F
LCD_DELAY_40US   800A
LCD_E            0004
LCD_INIT         8031
LCD_RS           0001
LCD_RW           0000
LCD_WRITE        802A
LCD_WRITE_NIBBLE 8012
LOOP             80C1
LVISR            FE0C
MAIN_INIT        8069


knopka09.asm           Assembled with CASM08Z  13.02.05  15:11:27  PAGE 9



OPROS            8087
PBWC             0037
PCTL             0036
PMDS             003B
PMRS             003A
PMSH             0038
PMSL             0039
PORTA            0000
PORTB            0001
PORTC            0002
PORTD            0003
PORTE            0008
PRB4             80D6
PRB5             80E3
PRB6             80F0
PRB7             80FD
PROVERKA         80C3
PTA              0000
PTAPUE           000D
PTB              0001
PTC              0002
PTCPUE           000E
PTD              0003
PTDPUE           000F
PTE              0008
RAMSTART         0040
ROMSTART         8000
SBFCR            FE03
SBSR             FE00
SCBR             0019
SCC1             0013
SCC2             0014
SCC3             0015
SCDR             0018
SCIACTL          000A
SCIADAT          000B
SCPSC            0009
SCS1             0016
SCS2             0017
SPCR             0010
SPDR             0012
SPSCR            0011
SRSR             FE01
SUBAR            FE02
T1CH0H           0026
T1CH0L           0027
T1CH1H           0029
T1CH1L           002A
T1CNTH           0021
T1CNTL           0022
T1MODH           0023
T1MODL           0024
T1SC             0020
T1SC0            0025
T1SC1            0028
T2CH0H           0031
T2CH0L           0032
T2CH1H           0034


knopka09.asm           Assembled with CASM08Z  13.02.05  15:11:27  PAGE 10



T2CH1L           0035
T2CNTH           002C
T2CNTL           002D
T2MODH           002E
T2MODL           002F
T2SC             002B
T2SC0            0030
T2SC1            0033
TBCR             001C
TIME             0044
VAR_DELAY        8000
VECTORSTART      FFDC
